{"/Users/timmyzhou/Melacast_For_Production/frontend/components/GalleryThumbnailComponent.vue": {"path":"/Users/timmyzhou/Melacast_For_Production/frontend/components/GalleryThumbnailComponent.vue","statementMap":{"0":{"start":{"line":44,"column":0},"end":{"line":44,"column":null}},"1":{"start":{"line":45,"column":0},"end":{"line":45,"column":null}},"2":{"start":{"line":48,"column":0},"end":{"line":48,"column":null}},"3":{"start":{"line":65,"column":0},"end":{"line":65,"column":null}},"4":{"start":{"line":67,"column":0},"end":{"line":67,"column":null}},"5":{"start":{"line":69,"column":0},"end":{"line":69,"column":null}},"6":{"start":{"line":71,"column":0},"end":{"line":71,"column":null}},"7":{"start":{"line":73,"column":0},"end":{"line":73,"column":null}},"8":{"start":{"line":79,"column":0},"end":{"line":79,"column":null}},"9":{"start":{"line":83,"column":0},"end":{"line":92,"column":null}},"10":{"start":{"line":86,"column":0},"end":{"line":86,"column":null}},"11":{"start":{"line":87,"column":0},"end":{"line":87,"column":null}},"12":{"start":{"line":88,"column":0},"end":{"line":88,"column":null}},"13":{"start":{"line":91,"column":0},"end":{"line":91,"column":null}},"14":{"start":{"line":96,"column":0},"end":{"line":96,"column":null}},"15":{"start":{"line":99,"column":0},"end":{"line":99,"column":null}},"16":{"start":{"line":100,"column":0},"end":{"line":142,"column":null}},"17":{"start":{"line":101,"column":0},"end":{"line":113,"column":null}},"18":{"start":{"line":108,"column":0},"end":{"line":108,"column":null}},"19":{"start":{"line":109,"column":0},"end":{"line":109,"column":null}},"20":{"start":{"line":112,"column":0},"end":{"line":112,"column":null}},"21":{"start":{"line":114,"column":0},"end":{"line":142,"column":null}},"22":{"start":{"line":115,"column":0},"end":{"line":127,"column":null}},"23":{"start":{"line":122,"column":0},"end":{"line":122,"column":null}},"24":{"start":{"line":123,"column":0},"end":{"line":123,"column":null}},"25":{"start":{"line":126,"column":0},"end":{"line":126,"column":null}},"26":{"start":{"line":129,"column":0},"end":{"line":141,"column":null}},"27":{"start":{"line":136,"column":0},"end":{"line":136,"column":null}},"28":{"start":{"line":137,"column":0},"end":{"line":137,"column":null}},"29":{"start":{"line":140,"column":0},"end":{"line":140,"column":null}}},"fnMap":{"0":{"name":"(anonymous_2)","decl":{"start":{"line":47,"column":0},"end":{"line":47,"column":null}},"loc":{"start":{"line":47,"column":0},"end":{"line":58,"column":null}}},"1":{"name":"(anonymous_3)","decl":{"start":{"line":64,"column":0},"end":{"line":64,"column":null}},"loc":{"start":{"line":64,"column":0},"end":{"line":75,"column":null}}},"2":{"name":"(anonymous_4)","decl":{"start":{"line":78,"column":0},"end":{"line":78,"column":null}},"loc":{"start":{"line":78,"column":0},"end":{"line":80,"column":null}}},"3":{"name":"(anonymous_5)","decl":{"start":{"line":82,"column":0},"end":{"line":82,"column":null}},"loc":{"start":{"line":82,"column":0},"end":{"line":93,"column":null}}},"4":{"name":"(anonymous_6)","decl":{"start":{"line":83,"column":0},"end":{"line":83,"column":null}},"loc":{"start":{"line":83,"column":0},"end":{"line":89,"column":null}}},"5":{"name":"(anonymous_7)","decl":{"start":{"line":89,"column":0},"end":{"line":89,"column":null}},"loc":{"start":{"line":89,"column":0},"end":{"line":92,"column":null}}},"6":{"name":"(anonymous_8)","decl":{"start":{"line":94,"column":0},"end":{"line":94,"column":null}},"loc":{"start":{"line":94,"column":0},"end":{"line":97,"column":null}}},"7":{"name":"(anonymous_9)","decl":{"start":{"line":98,"column":0},"end":{"line":98,"column":null}},"loc":{"start":{"line":98,"column":0},"end":{"line":143,"column":null}}},"8":{"name":"(anonymous_10)","decl":{"start":{"line":102,"column":0},"end":{"line":102,"column":null}},"loc":{"start":{"line":102,"column":0},"end":{"line":110,"column":null}}},"9":{"name":"(anonymous_11)","decl":{"start":{"line":110,"column":0},"end":{"line":110,"column":null}},"loc":{"start":{"line":110,"column":0},"end":{"line":113,"column":null}}},"10":{"name":"(anonymous_12)","decl":{"start":{"line":116,"column":0},"end":{"line":116,"column":null}},"loc":{"start":{"line":116,"column":0},"end":{"line":124,"column":null}}},"11":{"name":"(anonymous_13)","decl":{"start":{"line":124,"column":0},"end":{"line":124,"column":null}},"loc":{"start":{"line":124,"column":0},"end":{"line":127,"column":null}}},"12":{"name":"(anonymous_14)","decl":{"start":{"line":130,"column":0},"end":{"line":130,"column":null}},"loc":{"start":{"line":130,"column":0},"end":{"line":138,"column":null}}},"13":{"name":"(anonymous_15)","decl":{"start":{"line":138,"column":0},"end":{"line":138,"column":null}},"loc":{"start":{"line":138,"column":0},"end":{"line":141,"column":null}}}},"branchMap":{"0":{"loc":{"start":{"line":66,"column":0},"end":{"line":67,"column":null}},"type":"switch","locations":[{"start":{"line":66,"column":0},"end":{"line":67,"column":null}},{"start":{"line":68,"column":0},"end":{"line":69,"column":null}},{"start":{"line":70,"column":0},"end":{"line":71,"column":null}},{"start":{"line":72,"column":0},"end":{"line":73,"column":null}}]},"1":{"loc":{"start":{"line":100,"column":0},"end":{"line":142,"column":null}},"type":"if","locations":[{"start":{"line":100,"column":0},"end":{"line":142,"column":null}},{"start":{"line":100,"column":0},"end":{"line":142,"column":null}}]},"2":{"loc":{"start":{"line":114,"column":0},"end":{"line":142,"column":null}},"type":"if","locations":[{"start":{"line":114,"column":0},"end":{"line":142,"column":null}},{"start":{"line":114,"column":0},"end":{"line":142,"column":null}}]}},"s":{"0":1,"1":1,"2":0,"3":0,"4":0,"5":0,"6":0,"7":0,"8":0,"9":0,"10":0,"11":0,"12":0,"13":0,"14":0,"15":0,"16":0,"17":0,"18":0,"19":0,"20":0,"21":0,"22":0,"23":0,"24":0,"25":0,"26":0,"27":0,"28":0,"29":0},"f":{"0":0,"1":0,"2":0,"3":0,"4":0,"5":0,"6":0,"7":0,"8":0,"9":0,"10":0,"11":0,"12":0,"13":0},"b":{"0":[0,0,0,0],"1":[0,0],"2":[0,0]}}
,"/Users/timmyzhou/Melacast_For_Production/frontend/components/GridComponent.vue": {"path":"/Users/timmyzhou/Melacast_For_Production/frontend/components/GridComponent.vue","statementMap":{"0":{"start":{"line":27,"column":0},"end":{"line":27,"column":null}},"1":{"start":{"line":28,"column":0},"end":{"line":28,"column":null}}},"fnMap":{"0":{"name":"(anonymous_1)","decl":{"start":{"line":26,"column":0},"end":{"line":26,"column":null}},"loc":{"start":{"line":26,"column":0},"end":{"line":29,"column":null}}}},"branchMap":{},"s":{"0":0,"1":0},"f":{"0":0},"b":{}}
,"/Users/timmyzhou/Melacast_For_Production/frontend/components/SideBarComponent.vue": {"path":"/Users/timmyzhou/Melacast_For_Production/frontend/components/SideBarComponent.vue","statementMap":{"0":{"start":{"line":95,"column":0},"end":{"line":95,"column":null}},"1":{"start":{"line":100,"column":0},"end":{"line":100,"column":null}},"2":{"start":{"line":110,"column":0},"end":{"line":110,"column":null}},"3":{"start":{"line":112,"column":0},"end":{"line":112,"column":null}},"4":{"start":{"line":116,"column":0},"end":{"line":116,"column":null}},"5":{"start":{"line":118,"column":0},"end":{"line":118,"column":null}},"6":{"start":{"line":121,"column":0},"end":{"line":121,"column":null}},"7":{"start":{"line":123,"column":0},"end":{"line":123,"column":null}},"8":{"start":{"line":127,"column":0},"end":{"line":127,"column":null}},"9":{"start":{"line":129,"column":0},"end":{"line":129,"column":null}},"10":{"start":{"line":130,"column":0},"end":{"line":130,"column":null}},"11":{"start":{"line":136,"column":0},"end":{"line":136,"column":null}},"12":{"start":{"line":137,"column":0},"end":{"line":137,"column":null}},"13":{"start":{"line":138,"column":0},"end":{"line":138,"column":null}},"14":{"start":{"line":141,"column":0},"end":{"line":141,"column":null}},"15":{"start":{"line":142,"column":0},"end":{"line":142,"column":null}},"16":{"start":{"line":145,"column":0},"end":{"line":145,"column":null}},"17":{"start":{"line":146,"column":0},"end":{"line":146,"column":null}}},"fnMap":{"0":{"name":"(anonymous_2)","decl":{"start":{"line":99,"column":0},"end":{"line":99,"column":null}},"loc":{"start":{"line":99,"column":0},"end":{"line":106,"column":null}}},"1":{"name":"(anonymous_3)","decl":{"start":{"line":109,"column":0},"end":{"line":109,"column":null}},"loc":{"start":{"line":109,"column":0},"end":{"line":114,"column":null}}},"2":{"name":"(anonymous_4)","decl":{"start":{"line":115,"column":0},"end":{"line":115,"column":null}},"loc":{"start":{"line":115,"column":0},"end":{"line":125,"column":null}}},"3":{"name":"(anonymous_5)","decl":{"start":{"line":126,"column":0},"end":{"line":126,"column":null}},"loc":{"start":{"line":126,"column":0},"end":{"line":132,"column":null}}},"4":{"name":"(anonymous_6)","decl":{"start":{"line":135,"column":0},"end":{"line":135,"column":null}},"loc":{"start":{"line":135,"column":0},"end":{"line":139,"column":null}}},"5":{"name":"(anonymous_7)","decl":{"start":{"line":140,"column":0},"end":{"line":140,"column":null}},"loc":{"start":{"line":140,"column":0},"end":{"line":143,"column":null}}},"6":{"name":"(anonymous_8)","decl":{"start":{"line":144,"column":0},"end":{"line":144,"column":null}},"loc":{"start":{"line":144,"column":0},"end":{"line":147,"column":null}}}},"branchMap":{"0":{"loc":{"start":{"line":111,"column":0},"end":{"line":112,"column":null}},"type":"switch","locations":[{"start":{"line":111,"column":0},"end":{"line":112,"column":null}}]},"1":{"loc":{"start":{"line":117,"column":0},"end":{"line":118,"column":null}},"type":"switch","locations":[{"start":{"line":117,"column":0},"end":{"line":118,"column":null}},{"start":{"line":120,"column":0},"end":{"line":121,"column":null}},{"start":{"line":122,"column":0},"end":{"line":123,"column":null}}]},"2":{"loc":{"start":{"line":128,"column":0},"end":{"line":130,"column":null}},"type":"switch","locations":[{"start":{"line":128,"column":0},"end":{"line":130,"column":null}}]}},"s":{"0":2,"1":0,"2":0,"3":0,"4":0,"5":0,"6":0,"7":0,"8":0,"9":0,"10":0,"11":0,"12":0,"13":0,"14":0,"15":0,"16":0,"17":0},"f":{"0":0,"1":0,"2":0,"3":0,"4":0,"5":0,"6":0},"b":{"0":[0],"1":[0,0,0],"2":[0]}}
,"/Users/timmyzhou/Melacast_For_Production/frontend/components/TopNavbar.vue": {"path":"/Users/timmyzhou/Melacast_For_Production/frontend/components/TopNavbar.vue","statementMap":{"0":{"start":{"line":27,"column":0},"end":{"line":27,"column":null}},"1":{"start":{"line":39,"column":0},"end":{"line":39,"column":null}},"2":{"start":{"line":41,"column":0},"end":{"line":41,"column":null}},"3":{"start":{"line":43,"column":0},"end":{"line":43,"column":null}},"4":{"start":{"line":45,"column":0},"end":{"line":45,"column":null}},"5":{"start":{"line":47,"column":0},"end":{"line":47,"column":null}},"6":{"start":{"line":49,"column":0},"end":{"line":49,"column":null}},"7":{"start":{"line":55,"column":0},"end":{"line":55,"column":null}},"8":{"start":{"line":60,"column":0},"end":{"line":60,"column":null}}},"fnMap":{"0":{"name":"(anonymous_1)","decl":{"start":{"line":26,"column":0},"end":{"line":26,"column":null}},"loc":{"start":{"line":26,"column":0},"end":{"line":36,"column":null}}},"1":{"name":"(anonymous_2)","decl":{"start":{"line":38,"column":0},"end":{"line":38,"column":null}},"loc":{"start":{"line":38,"column":0},"end":{"line":51,"column":null}}},"2":{"name":"(anonymous_3)","decl":{"start":{"line":54,"column":0},"end":{"line":54,"column":null}},"loc":{"start":{"line":54,"column":0},"end":{"line":56,"column":null}}},"3":{"name":"(anonymous_4)","decl":{"start":{"line":59,"column":0},"end":{"line":59,"column":null}},"loc":{"start":{"line":59,"column":0},"end":{"line":61,"column":null}}}},"branchMap":{"0":{"loc":{"start":{"line":40,"column":0},"end":{"line":41,"column":null}},"type":"switch","locations":[{"start":{"line":40,"column":0},"end":{"line":41,"column":null}},{"start":{"line":42,"column":0},"end":{"line":43,"column":null}},{"start":{"line":44,"column":0},"end":{"line":45,"column":null}},{"start":{"line":46,"column":0},"end":{"line":47,"column":null}},{"start":{"line":48,"column":0},"end":{"line":49,"column":null}}]}},"s":{"0":0,"1":0,"2":0,"3":0,"4":0,"5":0,"6":0,"7":0,"8":0},"f":{"0":0,"1":0,"2":0,"3":0},"b":{"0":[0,0,0,0,0]}}
,"/Users/timmyzhou/Melacast_For_Production/frontend/components/lightBoxGallery.vue": {"path":"/Users/timmyzhou/Melacast_For_Production/frontend/components/lightBoxGallery.vue","statementMap":{"0":{"start":{"line":92,"column":0},"end":{"line":92,"column":null}},"1":{"start":{"line":96,"column":0},"end":{"line":96,"column":null}},"2":{"start":{"line":99,"column":0},"end":{"line":119,"column":null}},"3":{"start":{"line":100,"column":0},"end":{"line":108,"column":null}},"4":{"start":{"line":101,"column":0},"end":{"line":101,"column":null}},"5":{"start":{"line":102,"column":0},"end":{"line":102,"column":null}},"6":{"start":{"line":103,"column":0},"end":{"line":103,"column":null}},"7":{"start":{"line":105,"column":0},"end":{"line":105,"column":null}},"8":{"start":{"line":106,"column":0},"end":{"line":106,"column":null}},"9":{"start":{"line":107,"column":0},"end":{"line":107,"column":null}},"10":{"start":{"line":110,"column":0},"end":{"line":118,"column":null}},"11":{"start":{"line":111,"column":0},"end":{"line":111,"column":null}},"12":{"start":{"line":112,"column":0},"end":{"line":112,"column":null}},"13":{"start":{"line":113,"column":0},"end":{"line":113,"column":null}},"14":{"start":{"line":115,"column":0},"end":{"line":115,"column":null}},"15":{"start":{"line":116,"column":0},"end":{"line":116,"column":null}},"16":{"start":{"line":117,"column":0},"end":{"line":117,"column":null}},"17":{"start":{"line":122,"column":0},"end":{"line":134,"column":null}},"18":{"start":{"line":123,"column":0},"end":{"line":127,"column":null}},"19":{"start":{"line":124,"column":0},"end":{"line":124,"column":null}},"20":{"start":{"line":126,"column":0},"end":{"line":126,"column":null}},"21":{"start":{"line":129,"column":0},"end":{"line":133,"column":null}},"22":{"start":{"line":130,"column":0},"end":{"line":130,"column":null}},"23":{"start":{"line":132,"column":0},"end":{"line":132,"column":null}}},"fnMap":{"0":{"name":"(anonymous_1)","decl":{"start":{"line":91,"column":0},"end":{"line":91,"column":null}},"loc":{"start":{"line":91,"column":0},"end":{"line":93,"column":null}}},"1":{"name":"(anonymous_2)","decl":{"start":{"line":95,"column":0},"end":{"line":95,"column":null}},"loc":{"start":{"line":95,"column":0},"end":{"line":97,"column":null}}},"2":{"name":"(anonymous_3)","decl":{"start":{"line":98,"column":0},"end":{"line":98,"column":null}},"loc":{"start":{"line":98,"column":0},"end":{"line":120,"column":null}}},"3":{"name":"(anonymous_4)","decl":{"start":{"line":121,"column":0},"end":{"line":121,"column":null}},"loc":{"start":{"line":121,"column":0},"end":{"line":135,"column":null}}}},"branchMap":{"0":{"loc":{"start":{"line":99,"column":0},"end":{"line":119,"column":null}},"type":"if","locations":[{"start":{"line":99,"column":0},"end":{"line":119,"column":null}},{"start":{"line":99,"column":0},"end":{"line":119,"column":null}}]},"1":{"loc":{"start":{"line":100,"column":0},"end":{"line":108,"column":null}},"type":"if","locations":[{"start":{"line":100,"column":0},"end":{"line":108,"column":null}},{"start":{"line":100,"column":0},"end":{"line":108,"column":null}}]},"2":{"loc":{"start":{"line":110,"column":0},"end":{"line":118,"column":null}},"type":"if","locations":[{"start":{"line":110,"column":0},"end":{"line":118,"column":null}},{"start":{"line":110,"column":0},"end":{"line":118,"column":null}}]},"3":{"loc":{"start":{"line":122,"column":0},"end":{"line":134,"column":null}},"type":"if","locations":[{"start":{"line":122,"column":0},"end":{"line":134,"column":null}},{"start":{"line":122,"column":0},"end":{"line":134,"column":null}}]},"4":{"loc":{"start":{"line":123,"column":0},"end":{"line":127,"column":null}},"type":"if","locations":[{"start":{"line":123,"column":0},"end":{"line":127,"column":null}},{"start":{"line":123,"column":0},"end":{"line":127,"column":null}}]},"5":{"loc":{"start":{"line":129,"column":0},"end":{"line":133,"column":null}},"type":"if","locations":[{"start":{"line":129,"column":0},"end":{"line":133,"column":null}},{"start":{"line":129,"column":0},"end":{"line":133,"column":null}}]}},"s":{"0":0,"1":0,"2":0,"3":0,"4":0,"5":0,"6":0,"7":0,"8":0,"9":0,"10":0,"11":0,"12":0,"13":0,"14":0,"15":0,"16":0,"17":0,"18":0,"19":0,"20":0,"21":0,"22":0,"23":0},"f":{"0":0,"1":0,"2":0,"3":0},"b":{"0":[0,0],"1":[0,0],"2":[0,0],"3":[0,0],"4":[0,0],"5":[0,0]}}
,"/Users/timmyzhou/Melacast_For_Production/frontend/pages/createlisting.vue": {"path":"/Users/timmyzhou/Melacast_For_Production/frontend/pages/createlisting.vue","statementMap":{"0":{"start":{"line":866,"column":0},"end":{"line":866,"column":null}},"1":{"start":{"line":867,"column":0},"end":{"line":867,"column":null}},"2":{"start":{"line":868,"column":0},"end":{"line":868,"column":null}},"3":{"start":{"line":869,"column":0},"end":{"line":869,"column":null}},"4":{"start":{"line":870,"column":0},"end":{"line":870,"column":null}},"5":{"start":{"line":871,"column":0},"end":{"line":871,"column":null}},"6":{"start":{"line":872,"column":0},"end":{"line":872,"column":null}},"7":{"start":{"line":877,"column":0},"end":{"line":877,"column":null}},"8":{"start":{"line":882,"column":0},"end":{"line":882,"column":null}},"9":{"start":{"line":895,"column":0},"end":{"line":895,"column":null}},"10":{"start":{"line":896,"column":0},"end":{"line":896,"column":null}},"11":{"start":{"line":899,"column":0},"end":{"line":903,"column":null}},"12":{"start":{"line":900,"column":0},"end":{"line":900,"column":null}},"13":{"start":{"line":902,"column":0},"end":{"line":902,"column":null}},"14":{"start":{"line":906,"column":0},"end":{"line":906,"column":null}},"15":{"start":{"line":919,"column":0},"end":{"line":924,"column":null}},"16":{"start":{"line":920,"column":0},"end":{"line":920,"column":null}},"17":{"start":{"line":921,"column":0},"end":{"line":921,"column":null}},"18":{"start":{"line":923,"column":0},"end":{"line":923,"column":null}},"19":{"start":{"line":928,"column":0},"end":{"line":928,"column":null}},"20":{"start":{"line":929,"column":0},"end":{"line":929,"column":null}},"21":{"start":{"line":936,"column":0},"end":{"line":936,"column":null}},"22":{"start":{"line":937,"column":0},"end":{"line":937,"column":null}},"23":{"start":{"line":940,"column":0},"end":{"line":940,"column":null}},"24":{"start":{"line":942,"column":0},"end":{"line":942,"column":null}},"25":{"start":{"line":944,"column":0},"end":{"line":944,"column":null}},"26":{"start":{"line":946,"column":0},"end":{"line":946,"column":null}},"27":{"start":{"line":948,"column":0},"end":{"line":948,"column":null}},"28":{"start":{"line":952,"column":0},"end":{"line":952,"column":null}},"29":{"start":{"line":954,"column":0},"end":{"line":954,"column":null}},"30":{"start":{"line":956,"column":0},"end":{"line":956,"column":null}},"31":{"start":{"line":958,"column":0},"end":{"line":958,"column":null}},"32":{"start":{"line":960,"column":0},"end":{"line":960,"column":null}},"33":{"start":{"line":965,"column":0},"end":{"line":965,"column":null}},"34":{"start":{"line":967,"column":0},"end":{"line":967,"column":null}},"35":{"start":{"line":969,"column":0},"end":{"line":969,"column":null}},"36":{"start":{"line":971,"column":0},"end":{"line":971,"column":null}},"37":{"start":{"line":973,"column":0},"end":{"line":973,"column":null}},"38":{"start":{"line":978,"column":0},"end":{"line":978,"column":null}},"39":{"start":{"line":979,"column":0},"end":{"line":993,"column":null}},"40":{"start":{"line":980,"column":0},"end":{"line":980,"column":null}},"41":{"start":{"line":985,"column":0},"end":{"line":985,"column":null}},"42":{"start":{"line":987,"column":0},"end":{"line":991,"column":null}},"43":{"start":{"line":988,"column":0},"end":{"line":988,"column":null}},"44":{"start":{"line":989,"column":0},"end":{"line":989,"column":null}},"45":{"start":{"line":990,"column":0},"end":{"line":990,"column":null}},"46":{"start":{"line":992,"column":0},"end":{"line":992,"column":null}},"47":{"start":{"line":1025,"column":0},"end":{"line":1025,"column":null}},"48":{"start":{"line":1026,"column":0},"end":{"line":1026,"column":null}},"49":{"start":{"line":1029,"column":0},"end":{"line":1029,"column":null}},"50":{"start":{"line":1030,"column":0},"end":{"line":1030,"column":null}},"51":{"start":{"line":1034,"column":0},"end":{"line":1034,"column":null}},"52":{"start":{"line":1035,"column":0},"end":{"line":1035,"column":null}},"53":{"start":{"line":1038,"column":0},"end":{"line":1038,"column":null}},"54":{"start":{"line":1039,"column":0},"end":{"line":1039,"column":null}},"55":{"start":{"line":1040,"column":0},"end":{"line":1040,"column":null}},"56":{"start":{"line":1043,"column":0},"end":{"line":1043,"column":null}},"57":{"start":{"line":1047,"column":0},"end":{"line":1047,"column":null}},"58":{"start":{"line":1048,"column":0},"end":{"line":1048,"column":null}},"59":{"start":{"line":1049,"column":0},"end":{"line":1049,"column":null}},"60":{"start":{"line":1050,"column":0},"end":{"line":1050,"column":null}},"61":{"start":{"line":1051,"column":0},"end":{"line":1051,"column":null}},"62":{"start":{"line":1052,"column":0},"end":{"line":1052,"column":null}},"63":{"start":{"line":1054,"column":0},"end":{"line":1054,"column":null}},"64":{"start":{"line":1060,"column":0},"end":{"line":1060,"column":null}},"65":{"start":{"line":1061,"column":0},"end":{"line":1061,"column":null}},"66":{"start":{"line":1062,"column":0},"end":{"line":1062,"column":null}},"67":{"start":{"line":1063,"column":0},"end":{"line":1063,"column":null}},"68":{"start":{"line":1064,"column":0},"end":{"line":1064,"column":null}},"69":{"start":{"line":1065,"column":0},"end":{"line":1065,"column":null}},"70":{"start":{"line":1066,"column":0},"end":{"line":1066,"column":null}},"71":{"start":{"line":1067,"column":0},"end":{"line":1067,"column":null}},"72":{"start":{"line":1069,"column":0},"end":{"line":1069,"column":null}},"73":{"start":{"line":1072,"column":0},"end":{"line":1072,"column":null}},"74":{"start":{"line":1073,"column":0},"end":{"line":1073,"column":null}},"75":{"start":{"line":1075,"column":0},"end":{"line":1075,"column":null}},"76":{"start":{"line":1076,"column":0},"end":{"line":1076,"column":null}},"77":{"start":{"line":1081,"column":0},"end":{"line":1081,"column":null}},"78":{"start":{"line":1084,"column":0},"end":{"line":1084,"column":null}},"79":{"start":{"line":1085,"column":0},"end":{"line":1085,"column":null}},"80":{"start":{"line":1088,"column":0},"end":{"line":1088,"column":null}},"81":{"start":{"line":1090,"column":0},"end":{"line":1090,"column":null}},"82":{"start":{"line":1092,"column":0},"end":{"line":1092,"column":null}},"83":{"start":{"line":1101,"column":0},"end":{"line":1101,"column":null}},"84":{"start":{"line":1102,"column":0},"end":{"line":1102,"column":null}},"85":{"start":{"line":1103,"column":0},"end":{"line":1103,"column":null}},"86":{"start":{"line":1107,"column":0},"end":{"line":1107,"column":null}},"87":{"start":{"line":1111,"column":0},"end":{"line":1143,"column":null}},"88":{"start":{"line":1113,"column":0},"end":{"line":1126,"column":null}},"89":{"start":{"line":1119,"column":0},"end":{"line":1119,"column":null}},"90":{"start":{"line":1120,"column":0},"end":{"line":1120,"column":null}},"91":{"start":{"line":1123,"column":0},"end":{"line":1125,"column":null}},"92":{"start":{"line":1124,"column":0},"end":{"line":1124,"column":null}},"93":{"start":{"line":1129,"column":0},"end":{"line":1142,"column":null}},"94":{"start":{"line":1135,"column":0},"end":{"line":1135,"column":null}},"95":{"start":{"line":1136,"column":0},"end":{"line":1136,"column":null}},"96":{"start":{"line":1139,"column":0},"end":{"line":1141,"column":null}},"97":{"start":{"line":1140,"column":0},"end":{"line":1140,"column":null}},"98":{"start":{"line":1147,"column":0},"end":{"line":1147,"column":null}},"99":{"start":{"line":1148,"column":0},"end":{"line":1148,"column":null}},"100":{"start":{"line":1149,"column":0},"end":{"line":1149,"column":null}},"101":{"start":{"line":1154,"column":0},"end":{"line":1154,"column":null}},"102":{"start":{"line":1155,"column":0},"end":{"line":1157,"column":null}},"103":{"start":{"line":1156,"column":0},"end":{"line":1156,"column":null}},"104":{"start":{"line":1158,"column":0},"end":{"line":1217,"column":null}},"105":{"start":{"line":1160,"column":0},"end":{"line":1166,"column":null}},"106":{"start":{"line":1160,"column":0},"end":{"line":1160,"column":null}},"107":{"start":{"line":1161,"column":0},"end":{"line":1161,"column":null}},"108":{"start":{"line":1163,"column":0},"end":{"line":1163,"column":null}},"109":{"start":{"line":1164,"column":0},"end":{"line":1164,"column":null}},"110":{"start":{"line":1165,"column":0},"end":{"line":1165,"column":null}},"111":{"start":{"line":1167,"column":0},"end":{"line":1185,"column":null}},"112":{"start":{"line":1176,"column":0},"end":{"line":1176,"column":null}},"113":{"start":{"line":1177,"column":0},"end":{"line":1179,"column":null}},"114":{"start":{"line":1178,"column":0},"end":{"line":1178,"column":null}},"115":{"start":{"line":1182,"column":0},"end":{"line":1184,"column":null}},"116":{"start":{"line":1183,"column":0},"end":{"line":1183,"column":null}},"117":{"start":{"line":1187,"column":0},"end":{"line":1187,"column":null}},"118":{"start":{"line":1189,"column":0},"end":{"line":1189,"column":null}},"119":{"start":{"line":1190,"column":0},"end":{"line":1190,"column":null}},"120":{"start":{"line":1191,"column":0},"end":{"line":1191,"column":null}},"121":{"start":{"line":1194,"column":0},"end":{"line":1194,"column":null}},"122":{"start":{"line":1195,"column":0},"end":{"line":1195,"column":null}},"123":{"start":{"line":1197,"column":0},"end":{"line":1197,"column":null}},"124":{"start":{"line":1198,"column":0},"end":{"line":1216,"column":null}},"125":{"start":{"line":1207,"column":0},"end":{"line":1207,"column":null}},"126":{"start":{"line":1208,"column":0},"end":{"line":1210,"column":null}},"127":{"start":{"line":1209,"column":0},"end":{"line":1209,"column":null}},"128":{"start":{"line":1213,"column":0},"end":{"line":1215,"column":null}},"129":{"start":{"line":1214,"column":0},"end":{"line":1214,"column":null}},"130":{"start":{"line":1222,"column":0},"end":{"line":1222,"column":null}},"131":{"start":{"line":1223,"column":0},"end":{"line":1225,"column":null}},"132":{"start":{"line":1223,"column":0},"end":{"line":1223,"column":null}},"133":{"start":{"line":1224,"column":0},"end":{"line":1224,"column":null}},"134":{"start":{"line":1227,"column":0},"end":{"line":1227,"column":null}},"135":{"start":{"line":1228,"column":0},"end":{"line":1228,"column":null}},"136":{"start":{"line":1229,"column":0},"end":{"line":1229,"column":null}},"137":{"start":{"line":1230,"column":0},"end":{"line":1230,"column":null}},"138":{"start":{"line":1231,"column":0},"end":{"line":1231,"column":null}},"139":{"start":{"line":1232,"column":0},"end":{"line":1232,"column":null}},"140":{"start":{"line":1236,"column":0},"end":{"line":1236,"column":null}},"141":{"start":{"line":1237,"column":0},"end":{"line":1237,"column":null}},"142":{"start":{"line":1242,"column":0},"end":{"line":1242,"column":null}},"143":{"start":{"line":1243,"column":0},"end":{"line":1245,"column":null}},"144":{"start":{"line":1244,"column":0},"end":{"line":1244,"column":null}},"145":{"start":{"line":1246,"column":0},"end":{"line":1246,"column":null}},"146":{"start":{"line":1247,"column":0},"end":{"line":1247,"column":null}},"147":{"start":{"line":1248,"column":0},"end":{"line":1257,"column":null}},"148":{"start":{"line":1251,"column":0},"end":{"line":1251,"column":null}},"149":{"start":{"line":1254,"column":0},"end":{"line":1256,"column":null}},"150":{"start":{"line":1255,"column":0},"end":{"line":1255,"column":null}},"151":{"start":{"line":1262,"column":0},"end":{"line":1262,"column":null}},"152":{"start":{"line":1267,"column":0},"end":{"line":1269,"column":null}},"153":{"start":{"line":1268,"column":0},"end":{"line":1268,"column":null}},"154":{"start":{"line":1270,"column":0},"end":{"line":1272,"column":null}},"155":{"start":{"line":1271,"column":0},"end":{"line":1271,"column":null}},"156":{"start":{"line":1273,"column":0},"end":{"line":1273,"column":null}},"157":{"start":{"line":1278,"column":0},"end":{"line":1289,"column":null}},"158":{"start":{"line":1285,"column":0},"end":{"line":1285,"column":null}},"159":{"start":{"line":1288,"column":0},"end":{"line":1288,"column":null}},"160":{"start":{"line":1294,"column":0},"end":{"line":1305,"column":null}},"161":{"start":{"line":1301,"column":0},"end":{"line":1301,"column":null}},"162":{"start":{"line":1304,"column":0},"end":{"line":1304,"column":null}},"163":{"start":{"line":1309,"column":0},"end":{"line":1309,"column":null}},"164":{"start":{"line":1310,"column":0},"end":{"line":1310,"column":null}},"165":{"start":{"line":1312,"column":0},"end":{"line":1312,"column":null}},"166":{"start":{"line":1313,"column":0},"end":{"line":1313,"column":null}},"167":{"start":{"line":1317,"column":0},"end":{"line":1317,"column":null}},"168":{"start":{"line":1318,"column":0},"end":{"line":1318,"column":null}},"169":{"start":{"line":1320,"column":0},"end":{"line":1320,"column":null}},"170":{"start":{"line":1321,"column":0},"end":{"line":1321,"column":null}},"171":{"start":{"line":1325,"column":0},"end":{"line":1325,"column":null}},"172":{"start":{"line":1326,"column":0},"end":{"line":1326,"column":null}},"173":{"start":{"line":1328,"column":0},"end":{"line":1328,"column":null}},"174":{"start":{"line":1329,"column":0},"end":{"line":1329,"column":null}},"175":{"start":{"line":1332,"column":0},"end":{"line":1348,"column":null}},"176":{"start":{"line":1335,"column":0},"end":{"line":1335,"column":null}},"177":{"start":{"line":1336,"column":0},"end":{"line":1336,"column":null}},"178":{"start":{"line":1337,"column":0},"end":{"line":1337,"column":null}},"179":{"start":{"line":1338,"column":0},"end":{"line":1338,"column":null}},"180":{"start":{"line":1339,"column":0},"end":{"line":1339,"column":null}},"181":{"start":{"line":1340,"column":0},"end":{"line":1340,"column":null}},"182":{"start":{"line":1341,"column":0},"end":{"line":1341,"column":null}},"183":{"start":{"line":1342,"column":0},"end":{"line":1342,"column":null}},"184":{"start":{"line":1343,"column":0},"end":{"line":1343,"column":null}},"185":{"start":{"line":1344,"column":0},"end":{"line":1344,"column":null}},"186":{"start":{"line":1347,"column":0},"end":{"line":1347,"column":null}},"187":{"start":{"line":1351,"column":0},"end":{"line":1363,"column":null}},"188":{"start":{"line":1355,"column":0},"end":{"line":1355,"column":null}},"189":{"start":{"line":1356,"column":0},"end":{"line":1356,"column":null}},"190":{"start":{"line":1357,"column":0},"end":{"line":1357,"column":null}},"191":{"start":{"line":1358,"column":0},"end":{"line":1358,"column":null}},"192":{"start":{"line":1359,"column":0},"end":{"line":1359,"column":null}},"193":{"start":{"line":1362,"column":0},"end":{"line":1362,"column":null}},"194":{"start":{"line":1366,"column":0},"end":{"line":1377,"column":null}},"195":{"start":{"line":1369,"column":0},"end":{"line":1369,"column":null}},"196":{"start":{"line":1370,"column":0},"end":{"line":1370,"column":null}},"197":{"start":{"line":1371,"column":0},"end":{"line":1371,"column":null}},"198":{"start":{"line":1372,"column":0},"end":{"line":1372,"column":null}},"199":{"start":{"line":1373,"column":0},"end":{"line":1373,"column":null}},"200":{"start":{"line":1376,"column":0},"end":{"line":1376,"column":null}},"201":{"start":{"line":1381,"column":0},"end":{"line":1381,"column":null}}},"fnMap":{"0":{"name":"(anonymous_2)","decl":{"start":{"line":876,"column":0},"end":{"line":876,"column":null}},"loc":{"start":{"line":876,"column":0},"end":{"line":880,"column":null}}},"1":{"name":"(anonymous_3)","decl":{"start":{"line":881,"column":0},"end":{"line":881,"column":null}},"loc":{"start":{"line":881,"column":0},"end":{"line":883,"column":null}}},"2":{"name":"(anonymous_4)","decl":{"start":{"line":894,"column":0},"end":{"line":894,"column":null}},"loc":{"start":{"line":894,"column":0},"end":{"line":897,"column":null}}},"3":{"name":"(anonymous_5)","decl":{"start":{"line":898,"column":0},"end":{"line":898,"column":null}},"loc":{"start":{"line":898,"column":0},"end":{"line":904,"column":null}}},"4":{"name":"(anonymous_6)","decl":{"start":{"line":905,"column":0},"end":{"line":905,"column":null}},"loc":{"start":{"line":905,"column":0},"end":{"line":909,"column":null}}},"5":{"name":"(anonymous_7)","decl":{"start":{"line":906,"column":0},"end":{"line":906,"column":null}},"loc":{"start":{"line":906,"column":0},"end":{"line":906,"column":null}}},"6":{"name":"(anonymous_9)","decl":{"start":{"line":910,"column":0},"end":{"line":910,"column":null}},"loc":{"start":{"line":910,"column":0},"end":{"line":925,"column":null}}},"7":{"name":"(anonymous_10)","decl":{"start":{"line":927,"column":0},"end":{"line":927,"column":null}},"loc":{"start":{"line":927,"column":0},"end":{"line":938,"column":null}}},"8":{"name":"(anonymous_11)","decl":{"start":{"line":939,"column":0},"end":{"line":939,"column":null}},"loc":{"start":{"line":939,"column":0},"end":{"line":950,"column":null}}},"9":{"name":"(anonymous_12)","decl":{"start":{"line":951,"column":0},"end":{"line":951,"column":null}},"loc":{"start":{"line":951,"column":0},"end":{"line":962,"column":null}}},"10":{"name":"(anonymous_13)","decl":{"start":{"line":964,"column":0},"end":{"line":964,"column":null}},"loc":{"start":{"line":964,"column":0},"end":{"line":975,"column":null}}},"11":{"name":"(anonymous_14)","decl":{"start":{"line":977,"column":0},"end":{"line":977,"column":null}},"loc":{"start":{"line":977,"column":0},"end":{"line":994,"column":null}}},"12":{"name":"(anonymous_15)","decl":{"start":{"line":1024,"column":0},"end":{"line":1024,"column":null}},"loc":{"start":{"line":1024,"column":0},"end":{"line":1027,"column":null}}},"13":{"name":"(anonymous_16)","decl":{"start":{"line":1028,"column":0},"end":{"line":1028,"column":null}},"loc":{"start":{"line":1028,"column":0},"end":{"line":1036,"column":null}}},"14":{"name":"(anonymous_17)","decl":{"start":{"line":1037,"column":0},"end":{"line":1037,"column":null}},"loc":{"start":{"line":1037,"column":0},"end":{"line":1041,"column":null}}},"15":{"name":"(anonymous_18)","decl":{"start":{"line":1042,"column":0},"end":{"line":1042,"column":null}},"loc":{"start":{"line":1042,"column":0},"end":{"line":1044,"column":null}}},"16":{"name":"(anonymous_19)","decl":{"start":{"line":1045,"column":0},"end":{"line":1045,"column":null}},"loc":{"start":{"line":1045,"column":0},"end":{"line":1055,"column":null}}},"17":{"name":"(anonymous_20)","decl":{"start":{"line":1056,"column":0},"end":{"line":1056,"column":null}},"loc":{"start":{"line":1056,"column":0},"end":{"line":1070,"column":null}}},"18":{"name":"(anonymous_21)","decl":{"start":{"line":1071,"column":0},"end":{"line":1071,"column":null}},"loc":{"start":{"line":1071,"column":0},"end":{"line":1077,"column":null}}},"19":{"name":"(anonymous_22)","decl":{"start":{"line":1079,"column":0},"end":{"line":1079,"column":null}},"loc":{"start":{"line":1079,"column":0},"end":{"line":1082,"column":null}}},"20":{"name":"(anonymous_23)","decl":{"start":{"line":1083,"column":0},"end":{"line":1083,"column":null}},"loc":{"start":{"line":1083,"column":0},"end":{"line":1144,"column":null}}},"21":{"name":"(anonymous_24)","decl":{"start":{"line":1113,"column":0},"end":{"line":1113,"column":null}},"loc":{"start":{"line":1113,"column":0},"end":{"line":1121,"column":null}}},"22":{"name":"(anonymous_25)","decl":{"start":{"line":1121,"column":0},"end":{"line":1121,"column":null}},"loc":{"start":{"line":1121,"column":0},"end":{"line":1126,"column":null}}},"23":{"name":"(anonymous_26)","decl":{"start":{"line":1129,"column":0},"end":{"line":1129,"column":null}},"loc":{"start":{"line":1129,"column":0},"end":{"line":1137,"column":null}}},"24":{"name":"(anonymous_27)","decl":{"start":{"line":1137,"column":0},"end":{"line":1137,"column":null}},"loc":{"start":{"line":1137,"column":0},"end":{"line":1142,"column":null}}},"25":{"name":"(anonymous_28)","decl":{"start":{"line":1146,"column":0},"end":{"line":1146,"column":null}},"loc":{"start":{"line":1146,"column":0},"end":{"line":1218,"column":null}}},"26":{"name":"(anonymous_29)","decl":{"start":{"line":1167,"column":0},"end":{"line":1167,"column":null}},"loc":{"start":{"line":1167,"column":0},"end":{"line":1180,"column":null}}},"27":{"name":"(anonymous_30)","decl":{"start":{"line":1180,"column":0},"end":{"line":1180,"column":null}},"loc":{"start":{"line":1180,"column":0},"end":{"line":1185,"column":null}}},"28":{"name":"(anonymous_31)","decl":{"start":{"line":1198,"column":0},"end":{"line":1198,"column":null}},"loc":{"start":{"line":1198,"column":0},"end":{"line":1211,"column":null}}},"29":{"name":"(anonymous_32)","decl":{"start":{"line":1211,"column":0},"end":{"line":1211,"column":null}},"loc":{"start":{"line":1211,"column":0},"end":{"line":1216,"column":null}}},"30":{"name":"(anonymous_33)","decl":{"start":{"line":1220,"column":0},"end":{"line":1220,"column":null}},"loc":{"start":{"line":1220,"column":0},"end":{"line":1233,"column":null}}},"31":{"name":"(anonymous_34)","decl":{"start":{"line":1234,"column":0},"end":{"line":1234,"column":null}},"loc":{"start":{"line":1234,"column":0},"end":{"line":1258,"column":null}}},"32":{"name":"(anonymous_35)","decl":{"start":{"line":1248,"column":0},"end":{"line":1248,"column":null}},"loc":{"start":{"line":1248,"column":0},"end":{"line":1252,"column":null}}},"33":{"name":"(anonymous_36)","decl":{"start":{"line":1252,"column":0},"end":{"line":1252,"column":null}},"loc":{"start":{"line":1252,"column":0},"end":{"line":1257,"column":null}}},"34":{"name":"(anonymous_37)","decl":{"start":{"line":1259,"column":0},"end":{"line":1259,"column":null}},"loc":{"start":{"line":1259,"column":0},"end":{"line":1274,"column":null}}},"35":{"name":"(anonymous_38)","decl":{"start":{"line":1267,"column":0},"end":{"line":1267,"column":null}},"loc":{"start":{"line":1267,"column":0},"end":{"line":1269,"column":null}}},"36":{"name":"(anonymous_39)","decl":{"start":{"line":1270,"column":0},"end":{"line":1270,"column":null}},"loc":{"start":{"line":1270,"column":0},"end":{"line":1272,"column":null}}},"37":{"name":"(anonymous_40)","decl":{"start":{"line":1275,"column":0},"end":{"line":1275,"column":null}},"loc":{"start":{"line":1275,"column":0},"end":{"line":1290,"column":null}}},"38":{"name":"(anonymous_41)","decl":{"start":{"line":1279,"column":0},"end":{"line":1279,"column":null}},"loc":{"start":{"line":1279,"column":0},"end":{"line":1286,"column":null}}},"39":{"name":"(anonymous_42)","decl":{"start":{"line":1286,"column":0},"end":{"line":1286,"column":null}},"loc":{"start":{"line":1286,"column":0},"end":{"line":1289,"column":null}}},"40":{"name":"(anonymous_43)","decl":{"start":{"line":1291,"column":0},"end":{"line":1291,"column":null}},"loc":{"start":{"line":1291,"column":0},"end":{"line":1306,"column":null}}},"41":{"name":"(anonymous_44)","decl":{"start":{"line":1295,"column":0},"end":{"line":1295,"column":null}},"loc":{"start":{"line":1295,"column":0},"end":{"line":1302,"column":null}}},"42":{"name":"(anonymous_45)","decl":{"start":{"line":1302,"column":0},"end":{"line":1302,"column":null}},"loc":{"start":{"line":1302,"column":0},"end":{"line":1305,"column":null}}},"43":{"name":"(anonymous_46)","decl":{"start":{"line":1307,"column":0},"end":{"line":1307,"column":null}},"loc":{"start":{"line":1307,"column":0},"end":{"line":1314,"column":null}}},"44":{"name":"(anonymous_47)","decl":{"start":{"line":1315,"column":0},"end":{"line":1315,"column":null}},"loc":{"start":{"line":1315,"column":0},"end":{"line":1322,"column":null}}},"45":{"name":"(anonymous_48)","decl":{"start":{"line":1323,"column":0},"end":{"line":1323,"column":null}},"loc":{"start":{"line":1323,"column":0},"end":{"line":1330,"column":null}}},"46":{"name":"(anonymous_49)","decl":{"start":{"line":1331,"column":0},"end":{"line":1331,"column":null}},"loc":{"start":{"line":1331,"column":0},"end":{"line":1349,"column":null}}},"47":{"name":"(anonymous_50)","decl":{"start":{"line":1332,"column":0},"end":{"line":1332,"column":null}},"loc":{"start":{"line":1332,"column":0},"end":{"line":1345,"column":null}}},"48":{"name":"(anonymous_51)","decl":{"start":{"line":1345,"column":0},"end":{"line":1345,"column":null}},"loc":{"start":{"line":1345,"column":0},"end":{"line":1348,"column":null}}},"49":{"name":"(anonymous_52)","decl":{"start":{"line":1350,"column":0},"end":{"line":1350,"column":null}},"loc":{"start":{"line":1350,"column":0},"end":{"line":1364,"column":null}}},"50":{"name":"(anonymous_53)","decl":{"start":{"line":1351,"column":0},"end":{"line":1351,"column":null}},"loc":{"start":{"line":1351,"column":0},"end":{"line":1360,"column":null}}},"51":{"name":"(anonymous_54)","decl":{"start":{"line":1360,"column":0},"end":{"line":1360,"column":null}},"loc":{"start":{"line":1360,"column":0},"end":{"line":1363,"column":null}}},"52":{"name":"(anonymous_55)","decl":{"start":{"line":1365,"column":0},"end":{"line":1365,"column":null}},"loc":{"start":{"line":1365,"column":0},"end":{"line":1378,"column":null}}},"53":{"name":"(anonymous_56)","decl":{"start":{"line":1366,"column":0},"end":{"line":1366,"column":null}},"loc":{"start":{"line":1366,"column":0},"end":{"line":1374,"column":null}}},"54":{"name":"(anonymous_57)","decl":{"start":{"line":1374,"column":0},"end":{"line":1374,"column":null}},"loc":{"start":{"line":1374,"column":0},"end":{"line":1377,"column":null}}},"55":{"name":"(anonymous_58)","decl":{"start":{"line":1380,"column":0},"end":{"line":1380,"column":null}},"loc":{"start":{"line":1380,"column":0},"end":{"line":1545,"column":null}}}},"branchMap":{"0":{"loc":{"start":{"line":899,"column":0},"end":{"line":903,"column":null}},"type":"if","locations":[{"start":{"line":899,"column":0},"end":{"line":903,"column":null}},{"start":{"line":899,"column":0},"end":{"line":903,"column":null}}]},"1":{"loc":{"start":{"line":919,"column":0},"end":{"line":924,"column":null}},"type":"if","locations":[{"start":{"line":919,"column":0},"end":{"line":924,"column":null}},{"start":{"line":919,"column":0},"end":{"line":924,"column":null}}]},"2":{"loc":{"start":{"line":941,"column":0},"end":{"line":942,"column":null}},"type":"switch","locations":[{"start":{"line":941,"column":0},"end":{"line":942,"column":null}},{"start":{"line":943,"column":0},"end":{"line":944,"column":null}},{"start":{"line":945,"column":0},"end":{"line":946,"column":null}},{"start":{"line":947,"column":0},"end":{"line":948,"column":null}}]},"3":{"loc":{"start":{"line":953,"column":0},"end":{"line":954,"column":null}},"type":"switch","locations":[{"start":{"line":953,"column":0},"end":{"line":954,"column":null}},{"start":{"line":955,"column":0},"end":{"line":956,"column":null}},{"start":{"line":957,"column":0},"end":{"line":958,"column":null}},{"start":{"line":959,"column":0},"end":{"line":960,"column":null}}]},"4":{"loc":{"start":{"line":966,"column":0},"end":{"line":967,"column":null}},"type":"switch","locations":[{"start":{"line":966,"column":0},"end":{"line":967,"column":null}},{"start":{"line":968,"column":0},"end":{"line":969,"column":null}},{"start":{"line":970,"column":0},"end":{"line":971,"column":null}},{"start":{"line":972,"column":0},"end":{"line":973,"column":null}}]},"5":{"loc":{"start":{"line":987,"column":0},"end":{"line":991,"column":null}},"type":"if","locations":[{"start":{"line":987,"column":0},"end":{"line":991,"column":null}},{"start":{"line":987,"column":0},"end":{"line":991,"column":null}}]},"6":{"loc":{"start":{"line":1111,"column":0},"end":{"line":1143,"column":null}},"type":"if","locations":[{"start":{"line":1111,"column":0},"end":{"line":1143,"column":null}},{"start":{"line":1111,"column":0},"end":{"line":1143,"column":null}}]},"7":{"loc":{"start":{"line":1123,"column":0},"end":{"line":1125,"column":null}},"type":"if","locations":[{"start":{"line":1123,"column":0},"end":{"line":1125,"column":null}},{"start":{"line":1123,"column":0},"end":{"line":1125,"column":null}}]},"8":{"loc":{"start":{"line":1139,"column":0},"end":{"line":1141,"column":null}},"type":"if","locations":[{"start":{"line":1139,"column":0},"end":{"line":1141,"column":null}},{"start":{"line":1139,"column":0},"end":{"line":1141,"column":null}}]},"9":{"loc":{"start":{"line":1158,"column":0},"end":{"line":1217,"column":null}},"type":"if","locations":[{"start":{"line":1158,"column":0},"end":{"line":1217,"column":null}},{"start":{"line":1158,"column":0},"end":{"line":1217,"column":null}}]},"10":{"loc":{"start":{"line":1177,"column":0},"end":{"line":1179,"column":null}},"type":"if","locations":[{"start":{"line":1177,"column":0},"end":{"line":1179,"column":null}},{"start":{"line":1177,"column":0},"end":{"line":1179,"column":null}}]},"11":{"loc":{"start":{"line":1182,"column":0},"end":{"line":1184,"column":null}},"type":"if","locations":[{"start":{"line":1182,"column":0},"end":{"line":1184,"column":null}},{"start":{"line":1182,"column":0},"end":{"line":1184,"column":null}}]},"12":{"loc":{"start":{"line":1208,"column":0},"end":{"line":1210,"column":null}},"type":"if","locations":[{"start":{"line":1208,"column":0},"end":{"line":1210,"column":null}},{"start":{"line":1208,"column":0},"end":{"line":1210,"column":null}}]},"13":{"loc":{"start":{"line":1213,"column":0},"end":{"line":1215,"column":null}},"type":"if","locations":[{"start":{"line":1213,"column":0},"end":{"line":1215,"column":null}},{"start":{"line":1213,"column":0},"end":{"line":1215,"column":null}}]},"14":{"loc":{"start":{"line":1254,"column":0},"end":{"line":1256,"column":null}},"type":"if","locations":[{"start":{"line":1254,"column":0},"end":{"line":1256,"column":null}},{"start":{"line":1254,"column":0},"end":{"line":1256,"column":null}}]}},"s":{"0":1,"1":1,"2":1,"3":1,"4":1,"5":1,"6":1,"7":0,"8":1,"9":1,"10":1,"11":0,"12":0,"13":0,"14":1,"15":1,"16":0,"17":0,"18":0,"19":0,"20":0,"21":0,"22":0,"23":1,"24":0,"25":0,"26":0,"27":0,"28":0,"29":0,"30":0,"31":0,"32":0,"33":0,"34":0,"35":0,"36":0,"37":0,"38":0,"39":0,"40":0,"41":0,"42":0,"43":0,"44":0,"45":0,"46":0,"47":0,"48":0,"49":0,"50":0,"51":0,"52":0,"53":0,"54":0,"55":0,"56":0,"57":0,"58":0,"59":0,"60":0,"61":0,"62":0,"63":0,"64":0,"65":0,"66":0,"67":0,"68":0,"69":0,"70":0,"71":0,"72":0,"73":0,"74":0,"75":0,"76":0,"77":0,"78":0,"79":0,"80":0,"81":0,"82":0,"83":0,"84":0,"85":0,"86":0,"87":0,"88":0,"89":0,"90":0,"91":0,"92":0,"93":0,"94":0,"95":0,"96":0,"97":0,"98":0,"99":0,"100":0,"101":0,"102":0,"103":0,"104":0,"105":0,"106":0,"107":0,"108":0,"109":0,"110":0,"111":0,"112":0,"113":0,"114":0,"115":0,"116":0,"117":0,"118":0,"119":0,"120":0,"121":0,"122":0,"123":0,"124":0,"125":0,"126":0,"127":0,"128":0,"129":0,"130":0,"131":0,"132":0,"133":0,"134":0,"135":0,"136":0,"137":0,"138":0,"139":0,"140":0,"141":0,"142":0,"143":0,"144":0,"145":0,"146":0,"147":0,"148":0,"149":0,"150":0,"151":0,"152":0,"153":0,"154":0,"155":0,"156":0,"157":0,"158":0,"159":0,"160":0,"161":0,"162":0,"163":0,"164":0,"165":0,"166":0,"167":0,"168":0,"169":0,"170":0,"171":0,"172":0,"173":0,"174":0,"175":0,"176":0,"177":0,"178":0,"179":0,"180":0,"181":0,"182":0,"183":0,"184":0,"185":0,"186":0,"187":0,"188":0,"189":0,"190":0,"191":0,"192":0,"193":0,"194":0,"195":0,"196":0,"197":0,"198":0,"199":0,"200":0,"201":1},"f":{"0":0,"1":1,"2":1,"3":0,"4":1,"5":0,"6":1,"7":0,"8":1,"9":0,"10":0,"11":0,"12":0,"13":0,"14":0,"15":0,"16":0,"17":0,"18":0,"19":0,"20":0,"21":0,"22":0,"23":0,"24":0,"25":0,"26":0,"27":0,"28":0,"29":0,"30":0,"31":0,"32":0,"33":0,"34":0,"35":0,"36":0,"37":0,"38":0,"39":0,"40":0,"41":0,"42":0,"43":0,"44":0,"45":0,"46":0,"47":0,"48":0,"49":0,"50":0,"51":0,"52":0,"53":0,"54":0,"55":1},"b":{"0":[0,0],"1":[0,0],"2":[0,0,0,0],"3":[0,0,0,0],"4":[0,0,0,0],"5":[0,0],"6":[0,0],"7":[0,0],"8":[0,0],"9":[0,0],"10":[0,0],"11":[0,0],"12":[0,0],"13":[0,0],"14":[0,0]}}
,"/Users/timmyzhou/Melacast_For_Production/frontend/pages/createprofile.vue": {"path":"/Users/timmyzhou/Melacast_For_Production/frontend/pages/createprofile.vue","statementMap":{"0":{"start":{"line":136,"column":0},"end":{"line":136,"column":null}},"1":{"start":{"line":137,"column":0},"end":{"line":137,"column":null}},"2":{"start":{"line":144,"column":0},"end":{"line":164,"column":null}},"3":{"start":{"line":146,"column":0},"end":{"line":146,"column":null}},"4":{"start":{"line":147,"column":0},"end":{"line":161,"column":null}},"5":{"start":{"line":148,"column":0},"end":{"line":148,"column":null}},"6":{"start":{"line":149,"column":0},"end":{"line":149,"column":null}},"7":{"start":{"line":151,"column":0},"end":{"line":160,"column":null}},"8":{"start":{"line":154,"column":0},"end":{"line":154,"column":null}},"9":{"start":{"line":157,"column":0},"end":{"line":159,"column":null}},"10":{"start":{"line":158,"column":0},"end":{"line":158,"column":null}},"11":{"start":{"line":163,"column":0},"end":{"line":163,"column":null}},"12":{"start":{"line":168,"column":0},"end":{"line":168,"column":null}},"13":{"start":{"line":172,"column":0},"end":{"line":172,"column":null}},"14":{"start":{"line":174,"column":0},"end":{"line":174,"column":null}},"15":{"start":{"line":175,"column":0},"end":{"line":175,"column":null}},"16":{"start":{"line":176,"column":0},"end":{"line":176,"column":null}},"17":{"start":{"line":177,"column":0},"end":{"line":177,"column":null}}},"fnMap":{"0":{"name":"(anonymous_2)","decl":{"start":{"line":143,"column":0},"end":{"line":143,"column":null}},"loc":{"start":{"line":143,"column":0},"end":{"line":165,"column":null}}},"1":{"name":"(anonymous_3)","decl":{"start":{"line":151,"column":0},"end":{"line":151,"column":null}},"loc":{"start":{"line":151,"column":0},"end":{"line":155,"column":null}}},"2":{"name":"(anonymous_4)","decl":{"start":{"line":155,"column":0},"end":{"line":155,"column":null}},"loc":{"start":{"line":155,"column":0},"end":{"line":160,"column":null}}},"3":{"name":"(anonymous_5)","decl":{"start":{"line":167,"column":0},"end":{"line":167,"column":null}},"loc":{"start":{"line":167,"column":0},"end":{"line":188,"column":null}}},"4":{"name":"(anonymous_6)","decl":{"start":{"line":172,"column":0},"end":{"line":172,"column":null}},"loc":{"start":{"line":172,"column":0},"end":{"line":172,"column":null}}},"5":{"name":"(anonymous_7)","decl":{"start":{"line":174,"column":0},"end":{"line":174,"column":null}},"loc":{"start":{"line":174,"column":0},"end":{"line":174,"column":null}}},"6":{"name":"(anonymous_8)","decl":{"start":{"line":175,"column":0},"end":{"line":175,"column":null}},"loc":{"start":{"line":175,"column":0},"end":{"line":175,"column":null}}},"7":{"name":"(anonymous_9)","decl":{"start":{"line":176,"column":0},"end":{"line":176,"column":null}},"loc":{"start":{"line":176,"column":0},"end":{"line":176,"column":null}}},"8":{"name":"(anonymous_10)","decl":{"start":{"line":177,"column":0},"end":{"line":177,"column":null}},"loc":{"start":{"line":177,"column":0},"end":{"line":177,"column":null}}}},"branchMap":{"0":{"loc":{"start":{"line":147,"column":0},"end":{"line":161,"column":null}},"type":"if","locations":[{"start":{"line":147,"column":0},"end":{"line":161,"column":null}},{"start":{"line":147,"column":0},"end":{"line":161,"column":null}}]},"1":{"loc":{"start":{"line":157,"column":0},"end":{"line":159,"column":null}},"type":"if","locations":[{"start":{"line":157,"column":0},"end":{"line":159,"column":null}},{"start":{"line":157,"column":0},"end":{"line":159,"column":null}}]},"2":{"loc":{"start":{"line":172,"column":0},"end":{"line":172,"column":null}},"type":"binary-expr","locations":[{"start":{"line":172,"column":0},"end":{"line":172,"column":null}},{"start":{"line":172,"column":0},"end":{"line":172,"column":null}}]},"3":{"loc":{"start":{"line":174,"column":0},"end":{"line":174,"column":null}},"type":"binary-expr","locations":[{"start":{"line":174,"column":0},"end":{"line":174,"column":null}},{"start":{"line":174,"column":0},"end":{"line":174,"column":null}}]},"4":{"loc":{"start":{"line":175,"column":0},"end":{"line":175,"column":null}},"type":"binary-expr","locations":[{"start":{"line":175,"column":0},"end":{"line":175,"column":null}},{"start":{"line":175,"column":0},"end":{"line":175,"column":null}}]},"5":{"loc":{"start":{"line":176,"column":0},"end":{"line":176,"column":null}},"type":"binary-expr","locations":[{"start":{"line":176,"column":0},"end":{"line":176,"column":null}},{"start":{"line":176,"column":0},"end":{"line":176,"column":null}}]},"6":{"loc":{"start":{"line":177,"column":0},"end":{"line":177,"column":null}},"type":"binary-expr","locations":[{"start":{"line":177,"column":0},"end":{"line":177,"column":null}},{"start":{"line":177,"column":0},"end":{"line":177,"column":null}}]}},"s":{"0":0,"1":0,"2":0,"3":0,"4":0,"5":0,"6":0,"7":0,"8":0,"9":0,"10":0,"11":0,"12":0,"13":0,"14":0,"15":0,"16":0,"17":0},"f":{"0":0,"1":0,"2":0,"3":0,"4":0,"5":0,"6":0,"7":0,"8":0},"b":{"0":[0,0],"1":[0,0],"2":[0,0],"3":[0,0],"4":[0,0],"5":[0,0],"6":[0,0]}}
,"/Users/timmyzhou/Melacast_For_Production/frontend/pages/editprofile.vue": {"path":"/Users/timmyzhou/Melacast_For_Production/frontend/pages/editprofile.vue","statementMap":{"0":{"start":{"line":245,"column":0},"end":{"line":245,"column":null}},"1":{"start":{"line":246,"column":0},"end":{"line":246,"column":null}},"2":{"start":{"line":247,"column":0},"end":{"line":247,"column":null}},"3":{"start":{"line":253,"column":0},"end":{"line":253,"column":null}},"4":{"start":{"line":255,"column":0},"end":{"line":255,"column":null}},"5":{"start":{"line":257,"column":0},"end":{"line":257,"column":null}},"6":{"start":{"line":259,"column":0},"end":{"line":259,"column":null}},"7":{"start":{"line":261,"column":0},"end":{"line":261,"column":null}},"8":{"start":{"line":266,"column":0},"end":{"line":266,"column":null}}},"fnMap":{"0":{"name":"(anonymous_2)","decl":{"start":{"line":252,"column":0},"end":{"line":252,"column":null}},"loc":{"start":{"line":252,"column":0},"end":{"line":263,"column":null}}},"1":{"name":"(anonymous_3)","decl":{"start":{"line":265,"column":0},"end":{"line":265,"column":null}},"loc":{"start":{"line":265,"column":0},"end":{"line":290,"column":null}}}},"branchMap":{"0":{"loc":{"start":{"line":254,"column":0},"end":{"line":255,"column":null}},"type":"switch","locations":[{"start":{"line":254,"column":0},"end":{"line":255,"column":null}},{"start":{"line":256,"column":0},"end":{"line":257,"column":null}},{"start":{"line":258,"column":0},"end":{"line":259,"column":null}},{"start":{"line":260,"column":0},"end":{"line":261,"column":null}}]}},"s":{"0":0,"1":0,"2":0,"3":0,"4":0,"5":0,"6":0,"7":0,"8":0},"f":{"0":0,"1":0},"b":{"0":[0,0,0,0]}}
,"/Users/timmyzhou/Melacast_For_Production/frontend/pages/editprofiletest.vue": {"path":"/Users/timmyzhou/Melacast_For_Production/frontend/pages/editprofiletest.vue","statementMap":{"0":{"start":{"line":3,"column":0},"end":{"line":3,"column":null}},"1":{"start":{"line":4,"column":0},"end":{"line":4,"column":null}},"2":{"start":{"line":5,"column":0},"end":{"line":5,"column":null}},"3":{"start":{"line":6,"column":0},"end":{"line":6,"column":null}},"4":{"start":{"line":7,"column":0},"end":{"line":7,"column":null}},"5":{"start":{"line":10,"column":0},"end":{"line":10,"column":null}},"6":{"start":{"line":28,"column":0},"end":{"line":28,"column":null}},"7":{"start":{"line":45,"column":0},"end":{"line":47,"column":null}},"8":{"start":{"line":46,"column":0},"end":{"line":46,"column":null}},"9":{"start":{"line":50,"column":0},"end":{"line":55,"column":null}},"10":{"start":{"line":54,"column":0},"end":{"line":54,"column":null}},"11":{"start":{"line":58,"column":0},"end":{"line":64,"column":null}},"12":{"start":{"line":63,"column":0},"end":{"line":63,"column":null}},"13":{"start":{"line":67,"column":0},"end":{"line":69,"column":null}},"14":{"start":{"line":68,"column":0},"end":{"line":68,"column":null}},"15":{"start":{"line":73,"column":0},"end":{"line":73,"column":null}},"16":{"start":{"line":74,"column":0},"end":{"line":106,"column":null}},"17":{"start":{"line":75,"column":0},"end":{"line":92,"column":null}},"18":{"start":{"line":99,"column":0},"end":{"line":99,"column":null}},"19":{"start":{"line":101,"column":0},"end":{"line":105,"column":null}},"20":{"start":{"line":102,"column":0},"end":{"line":102,"column":null}},"21":{"start":{"line":103,"column":0},"end":{"line":103,"column":null}},"22":{"start":{"line":104,"column":0},"end":{"line":104,"column":null}},"23":{"start":{"line":109,"column":0},"end":{"line":109,"column":null}},"24":{"start":{"line":125,"column":0},"end":{"line":125,"column":null}},"25":{"start":{"line":126,"column":0},"end":{"line":126,"column":null}},"26":{"start":{"line":127,"column":0},"end":{"line":127,"column":null}},"27":{"start":{"line":130,"column":0},"end":{"line":130,"column":null}},"28":{"start":{"line":131,"column":0},"end":{"line":131,"column":null}},"29":{"start":{"line":132,"column":0},"end":{"line":132,"column":null}},"30":{"start":{"line":133,"column":0},"end":{"line":133,"column":null}},"31":{"start":{"line":136,"column":0},"end":{"line":136,"column":null}},"32":{"start":{"line":137,"column":0},"end":{"line":137,"column":null}},"33":{"start":{"line":138,"column":0},"end":{"line":138,"column":null}},"34":{"start":{"line":139,"column":0},"end":{"line":139,"column":null}},"35":{"start":{"line":142,"column":0},"end":{"line":142,"column":null}},"36":{"start":{"line":143,"column":0},"end":{"line":143,"column":null}},"37":{"start":{"line":144,"column":0},"end":{"line":144,"column":null}},"38":{"start":{"line":145,"column":0},"end":{"line":145,"column":null}},"39":{"start":{"line":148,"column":0},"end":{"line":148,"column":null}},"40":{"start":{"line":149,"column":0},"end":{"line":149,"column":null}},"41":{"start":{"line":150,"column":0},"end":{"line":150,"column":null}},"42":{"start":{"line":151,"column":0},"end":{"line":151,"column":null}},"43":{"start":{"line":154,"column":0},"end":{"line":154,"column":null}},"44":{"start":{"line":155,"column":0},"end":{"line":155,"column":null}},"45":{"start":{"line":156,"column":0},"end":{"line":156,"column":null}},"46":{"start":{"line":159,"column":0},"end":{"line":159,"column":null}},"47":{"start":{"line":160,"column":0},"end":{"line":160,"column":null}},"48":{"start":{"line":161,"column":0},"end":{"line":161,"column":null}},"49":{"start":{"line":181,"column":0},"end":{"line":181,"column":null}},"50":{"start":{"line":182,"column":0},"end":{"line":182,"column":null}},"51":{"start":{"line":187,"column":0},"end":{"line":187,"column":null}},"52":{"start":{"line":188,"column":0},"end":{"line":190,"column":null}},"53":{"start":{"line":189,"column":0},"end":{"line":189,"column":null}},"54":{"start":{"line":192,"column":0},"end":{"line":203,"column":null}},"55":{"start":{"line":193,"column":0},"end":{"line":193,"column":null}},"56":{"start":{"line":198,"column":0},"end":{"line":198,"column":null}},"57":{"start":{"line":202,"column":0},"end":{"line":202,"column":null}},"58":{"start":{"line":206,"column":0},"end":{"line":227,"column":null}},"59":{"start":{"line":207,"column":0},"end":{"line":226,"column":null}},"60":{"start":{"line":207,"column":0},"end":{"line":207,"column":null}},"61":{"start":{"line":208,"column":0},"end":{"line":208,"column":null}},"62":{"start":{"line":209,"column":0},"end":{"line":209,"column":null}},"63":{"start":{"line":210,"column":0},"end":{"line":210,"column":null}},"64":{"start":{"line":211,"column":0},"end":{"line":211,"column":null}},"65":{"start":{"line":212,"column":0},"end":{"line":212,"column":null}},"66":{"start":{"line":213,"column":0},"end":{"line":213,"column":null}},"67":{"start":{"line":218,"column":0},"end":{"line":225,"column":null}},"68":{"start":{"line":221,"column":0},"end":{"line":221,"column":null}},"69":{"start":{"line":224,"column":0},"end":{"line":224,"column":null}},"70":{"start":{"line":231,"column":0},"end":{"line":231,"column":null}},"71":{"start":{"line":232,"column":0},"end":{"line":232,"column":null}},"72":{"start":{"line":233,"column":0},"end":{"line":233,"column":null}},"73":{"start":{"line":236,"column":0},"end":{"line":236,"column":null}},"74":{"start":{"line":237,"column":0},"end":{"line":237,"column":null}},"75":{"start":{"line":238,"column":0},"end":{"line":238,"column":null}},"76":{"start":{"line":241,"column":0},"end":{"line":241,"column":null}},"77":{"start":{"line":242,"column":0},"end":{"line":242,"column":null}},"78":{"start":{"line":243,"column":0},"end":{"line":243,"column":null}},"79":{"start":{"line":246,"column":0},"end":{"line":246,"column":null}},"80":{"start":{"line":247,"column":0},"end":{"line":267,"column":null}},"81":{"start":{"line":248,"column":0},"end":{"line":266,"column":null}},"82":{"start":{"line":248,"column":0},"end":{"line":248,"column":null}},"83":{"start":{"line":249,"column":0},"end":{"line":249,"column":null}},"84":{"start":{"line":250,"column":0},"end":{"line":250,"column":null}},"85":{"start":{"line":251,"column":0},"end":{"line":251,"column":null}},"86":{"start":{"line":252,"column":0},"end":{"line":252,"column":null}},"87":{"start":{"line":257,"column":0},"end":{"line":265,"column":null}},"88":{"start":{"line":260,"column":0},"end":{"line":260,"column":null}},"89":{"start":{"line":261,"column":0},"end":{"line":261,"column":null}},"90":{"start":{"line":264,"column":0},"end":{"line":264,"column":null}},"91":{"start":{"line":271,"column":0},"end":{"line":271,"column":null}},"92":{"start":{"line":272,"column":0},"end":{"line":296,"column":null}},"93":{"start":{"line":273,"column":0},"end":{"line":295,"column":null}},"94":{"start":{"line":273,"column":0},"end":{"line":273,"column":null}},"95":{"start":{"line":274,"column":0},"end":{"line":274,"column":null}},"96":{"start":{"line":275,"column":0},"end":{"line":275,"column":null}},"97":{"start":{"line":276,"column":0},"end":{"line":276,"column":null}},"98":{"start":{"line":277,"column":0},"end":{"line":277,"column":null}},"99":{"start":{"line":278,"column":0},"end":{"line":278,"column":null}},"100":{"start":{"line":279,"column":0},"end":{"line":279,"column":null}},"101":{"start":{"line":280,"column":0},"end":{"line":280,"column":null}},"102":{"start":{"line":281,"column":0},"end":{"line":281,"column":null}},"103":{"start":{"line":286,"column":0},"end":{"line":294,"column":null}},"104":{"start":{"line":289,"column":0},"end":{"line":289,"column":null}},"105":{"start":{"line":290,"column":0},"end":{"line":290,"column":null}},"106":{"start":{"line":293,"column":0},"end":{"line":293,"column":null}},"107":{"start":{"line":300,"column":0},"end":{"line":300,"column":null}},"108":{"start":{"line":301,"column":0},"end":{"line":325,"column":null}},"109":{"start":{"line":302,"column":0},"end":{"line":324,"column":null}},"110":{"start":{"line":302,"column":0},"end":{"line":302,"column":null}},"111":{"start":{"line":303,"column":0},"end":{"line":303,"column":null}},"112":{"start":{"line":304,"column":0},"end":{"line":304,"column":null}},"113":{"start":{"line":305,"column":0},"end":{"line":305,"column":null}},"114":{"start":{"line":306,"column":0},"end":{"line":306,"column":null}},"115":{"start":{"line":307,"column":0},"end":{"line":307,"column":null}},"116":{"start":{"line":308,"column":0},"end":{"line":308,"column":null}},"117":{"start":{"line":309,"column":0},"end":{"line":309,"column":null}},"118":{"start":{"line":310,"column":0},"end":{"line":310,"column":null}},"119":{"start":{"line":315,"column":0},"end":{"line":323,"column":null}},"120":{"start":{"line":318,"column":0},"end":{"line":318,"column":null}},"121":{"start":{"line":319,"column":0},"end":{"line":319,"column":null}},"122":{"start":{"line":322,"column":0},"end":{"line":322,"column":null}},"123":{"start":{"line":330,"column":0},"end":{"line":351,"column":null}},"124":{"start":{"line":331,"column":0},"end":{"line":348,"column":null}},"125":{"start":{"line":331,"column":0},"end":{"line":331,"column":null}},"126":{"start":{"line":332,"column":0},"end":{"line":332,"column":null}},"127":{"start":{"line":333,"column":0},"end":{"line":333,"column":null}},"128":{"start":{"line":334,"column":0},"end":{"line":334,"column":null}},"129":{"start":{"line":335,"column":0},"end":{"line":335,"column":null}},"130":{"start":{"line":340,"column":0},"end":{"line":347,"column":null}},"131":{"start":{"line":343,"column":0},"end":{"line":343,"column":null}},"132":{"start":{"line":346,"column":0},"end":{"line":346,"column":null}}},"fnMap":{"0":{"name":"(anonymous_2)","decl":{"start":{"line":9,"column":0},"end":{"line":9,"column":null}},"loc":{"start":{"line":9,"column":0},"end":{"line":13,"column":null}}},"1":{"name":"(anonymous_3)","decl":{"start":{"line":23,"column":0},"end":{"line":23,"column":null}},"loc":{"start":{"line":23,"column":0},"end":{"line":42,"column":null}}},"2":{"name":"(anonymous_4)","decl":{"start":{"line":44,"column":0},"end":{"line":44,"column":null}},"loc":{"start":{"line":44,"column":0},"end":{"line":48,"column":null}}},"3":{"name":"(anonymous_5)","decl":{"start":{"line":49,"column":0},"end":{"line":49,"column":null}},"loc":{"start":{"line":49,"column":0},"end":{"line":56,"column":null}}},"4":{"name":"(anonymous_6)","decl":{"start":{"line":57,"column":0},"end":{"line":57,"column":null}},"loc":{"start":{"line":57,"column":0},"end":{"line":65,"column":null}}},"5":{"name":"(anonymous_7)","decl":{"start":{"line":66,"column":0},"end":{"line":66,"column":null}},"loc":{"start":{"line":66,"column":0},"end":{"line":70,"column":null}}},"6":{"name":"(anonymous_8)","decl":{"start":{"line":72,"column":0},"end":{"line":72,"column":null}},"loc":{"start":{"line":72,"column":0},"end":{"line":107,"column":null}}},"7":{"name":"(anonymous_9)","decl":{"start":{"line":108,"column":0},"end":{"line":108,"column":null}},"loc":{"start":{"line":108,"column":0},"end":{"line":122,"column":null}}},"8":{"name":"(anonymous_10)","decl":{"start":{"line":124,"column":0},"end":{"line":124,"column":null}},"loc":{"start":{"line":124,"column":0},"end":{"line":128,"column":null}}},"9":{"name":"(anonymous_11)","decl":{"start":{"line":129,"column":0},"end":{"line":129,"column":null}},"loc":{"start":{"line":129,"column":0},"end":{"line":134,"column":null}}},"10":{"name":"(anonymous_12)","decl":{"start":{"line":135,"column":0},"end":{"line":135,"column":null}},"loc":{"start":{"line":135,"column":0},"end":{"line":140,"column":null}}},"11":{"name":"(anonymous_13)","decl":{"start":{"line":141,"column":0},"end":{"line":141,"column":null}},"loc":{"start":{"line":141,"column":0},"end":{"line":146,"column":null}}},"12":{"name":"(anonymous_14)","decl":{"start":{"line":147,"column":0},"end":{"line":147,"column":null}},"loc":{"start":{"line":147,"column":0},"end":{"line":152,"column":null}}},"13":{"name":"(anonymous_15)","decl":{"start":{"line":153,"column":0},"end":{"line":153,"column":null}},"loc":{"start":{"line":153,"column":0},"end":{"line":157,"column":null}}},"14":{"name":"(anonymous_16)","decl":{"start":{"line":158,"column":0},"end":{"line":158,"column":null}},"loc":{"start":{"line":158,"column":0},"end":{"line":162,"column":null}}},"15":{"name":"(anonymous_17)","decl":{"start":{"line":180,"column":0},"end":{"line":180,"column":null}},"loc":{"start":{"line":180,"column":0},"end":{"line":204,"column":null}}},"16":{"name":"(anonymous_18)","decl":{"start":{"line":205,"column":0},"end":{"line":205,"column":null}},"loc":{"start":{"line":205,"column":0},"end":{"line":229,"column":null}}},"17":{"name":"(anonymous_19)","decl":{"start":{"line":218,"column":0},"end":{"line":218,"column":null}},"loc":{"start":{"line":218,"column":0},"end":{"line":222,"column":null}}},"18":{"name":"(anonymous_20)","decl":{"start":{"line":222,"column":0},"end":{"line":222,"column":null}},"loc":{"start":{"line":222,"column":0},"end":{"line":225,"column":null}}},"19":{"name":"(anonymous_21)","decl":{"start":{"line":230,"column":0},"end":{"line":230,"column":null}},"loc":{"start":{"line":230,"column":0},"end":{"line":234,"column":null}}},"20":{"name":"(anonymous_22)","decl":{"start":{"line":235,"column":0},"end":{"line":235,"column":null}},"loc":{"start":{"line":235,"column":0},"end":{"line":239,"column":null}}},"21":{"name":"(anonymous_23)","decl":{"start":{"line":240,"column":0},"end":{"line":240,"column":null}},"loc":{"start":{"line":240,"column":0},"end":{"line":244,"column":null}}},"22":{"name":"(anonymous_24)","decl":{"start":{"line":245,"column":0},"end":{"line":245,"column":null}},"loc":{"start":{"line":245,"column":0},"end":{"line":269,"column":null}}},"23":{"name":"(anonymous_25)","decl":{"start":{"line":257,"column":0},"end":{"line":257,"column":null}},"loc":{"start":{"line":257,"column":0},"end":{"line":262,"column":null}}},"24":{"name":"(anonymous_26)","decl":{"start":{"line":262,"column":0},"end":{"line":262,"column":null}},"loc":{"start":{"line":262,"column":0},"end":{"line":265,"column":null}}},"25":{"name":"(anonymous_27)","decl":{"start":{"line":270,"column":0},"end":{"line":270,"column":null}},"loc":{"start":{"line":270,"column":0},"end":{"line":298,"column":null}}},"26":{"name":"(anonymous_28)","decl":{"start":{"line":286,"column":0},"end":{"line":286,"column":null}},"loc":{"start":{"line":286,"column":0},"end":{"line":291,"column":null}}},"27":{"name":"(anonymous_29)","decl":{"start":{"line":291,"column":0},"end":{"line":291,"column":null}},"loc":{"start":{"line":291,"column":0},"end":{"line":294,"column":null}}},"28":{"name":"(anonymous_30)","decl":{"start":{"line":299,"column":0},"end":{"line":299,"column":null}},"loc":{"start":{"line":299,"column":0},"end":{"line":327,"column":null}}},"29":{"name":"(anonymous_31)","decl":{"start":{"line":315,"column":0},"end":{"line":315,"column":null}},"loc":{"start":{"line":315,"column":0},"end":{"line":320,"column":null}}},"30":{"name":"(anonymous_32)","decl":{"start":{"line":320,"column":0},"end":{"line":320,"column":null}},"loc":{"start":{"line":320,"column":0},"end":{"line":323,"column":null}}},"31":{"name":"(anonymous_33)","decl":{"start":{"line":329,"column":0},"end":{"line":329,"column":null}},"loc":{"start":{"line":329,"column":0},"end":{"line":352,"column":null}}},"32":{"name":"(anonymous_34)","decl":{"start":{"line":340,"column":0},"end":{"line":340,"column":null}},"loc":{"start":{"line":340,"column":0},"end":{"line":344,"column":null}}},"33":{"name":"(anonymous_35)","decl":{"start":{"line":344,"column":0},"end":{"line":344,"column":null}},"loc":{"start":{"line":344,"column":0},"end":{"line":347,"column":null}}}},"branchMap":{"0":{"loc":{"start":{"line":45,"column":0},"end":{"line":47,"column":null}},"type":"if","locations":[{"start":{"line":45,"column":0},"end":{"line":47,"column":null}},{"start":{"line":45,"column":0},"end":{"line":47,"column":null}}]},"1":{"loc":{"start":{"line":50,"column":0},"end":{"line":55,"column":null}},"type":"if","locations":[{"start":{"line":50,"column":0},"end":{"line":55,"column":null}},{"start":{"line":50,"column":0},"end":{"line":55,"column":null}}]},"2":{"loc":{"start":{"line":50,"column":0},"end":{"line":50,"column":null}},"type":"binary-expr","locations":[{"start":{"line":50,"column":0},"end":{"line":50,"column":null}},{"start":{"line":50,"column":0},"end":{"line":50,"column":null}}]},"3":{"loc":{"start":{"line":58,"column":0},"end":{"line":64,"column":null}},"type":"if","locations":[{"start":{"line":58,"column":0},"end":{"line":64,"column":null}},{"start":{"line":58,"column":0},"end":{"line":64,"column":null}}]},"4":{"loc":{"start":{"line":58,"column":0},"end":{"line":58,"column":null}},"type":"binary-expr","locations":[{"start":{"line":58,"column":0},"end":{"line":58,"column":null}},{"start":{"line":58,"column":0},"end":{"line":58,"column":null}},{"start":{"line":58,"column":0},"end":{"line":58,"column":null}}]},"5":{"loc":{"start":{"line":67,"column":0},"end":{"line":69,"column":null}},"type":"if","locations":[{"start":{"line":67,"column":0},"end":{"line":69,"column":null}},{"start":{"line":67,"column":0},"end":{"line":69,"column":null}}]},"6":{"loc":{"start":{"line":101,"column":0},"end":{"line":105,"column":null}},"type":"if","locations":[{"start":{"line":101,"column":0},"end":{"line":105,"column":null}},{"start":{"line":101,"column":0},"end":{"line":105,"column":null}}]},"7":{"loc":{"start":{"line":206,"column":0},"end":{"line":227,"column":null}},"type":"if","locations":[{"start":{"line":206,"column":0},"end":{"line":227,"column":null}},{"start":{"line":206,"column":0},"end":{"line":227,"column":null}}]},"8":{"loc":{"start":{"line":247,"column":0},"end":{"line":267,"column":null}},"type":"if","locations":[{"start":{"line":247,"column":0},"end":{"line":267,"column":null}},{"start":{"line":247,"column":0},"end":{"line":267,"column":null}}]},"9":{"loc":{"start":{"line":272,"column":0},"end":{"line":296,"column":null}},"type":"if","locations":[{"start":{"line":272,"column":0},"end":{"line":296,"column":null}},{"start":{"line":272,"column":0},"end":{"line":296,"column":null}}]},"10":{"loc":{"start":{"line":272,"column":0},"end":{"line":272,"column":null}},"type":"binary-expr","locations":[{"start":{"line":272,"column":0},"end":{"line":272,"column":null}},{"start":{"line":272,"column":0},"end":{"line":272,"column":null}}]},"11":{"loc":{"start":{"line":301,"column":0},"end":{"line":325,"column":null}},"type":"if","locations":[{"start":{"line":301,"column":0},"end":{"line":325,"column":null}},{"start":{"line":301,"column":0},"end":{"line":325,"column":null}}]},"12":{"loc":{"start":{"line":301,"column":0},"end":{"line":301,"column":null}},"type":"binary-expr","locations":[{"start":{"line":301,"column":0},"end":{"line":301,"column":null}},{"start":{"line":301,"column":0},"end":{"line":301,"column":null}}]},"13":{"loc":{"start":{"line":330,"column":0},"end":{"line":351,"column":null}},"type":"if","locations":[{"start":{"line":330,"column":0},"end":{"line":351,"column":null}},{"start":{"line":330,"column":0},"end":{"line":351,"column":null}}]}},"s":{"0":0,"1":0,"2":0,"3":0,"4":0,"5":0,"6":0,"7":0,"8":0,"9":0,"10":0,"11":0,"12":0,"13":0,"14":0,"15":0,"16":0,"17":0,"18":0,"19":0,"20":0,"21":0,"22":0,"23":0,"24":0,"25":0,"26":0,"27":0,"28":0,"29":0,"30":0,"31":0,"32":0,"33":0,"34":0,"35":0,"36":0,"37":0,"38":0,"39":0,"40":0,"41":0,"42":0,"43":0,"44":0,"45":0,"46":0,"47":0,"48":0,"49":0,"50":0,"51":0,"52":0,"53":0,"54":0,"55":0,"56":0,"57":0,"58":0,"59":0,"60":0,"61":0,"62":0,"63":0,"64":0,"65":0,"66":0,"67":0,"68":0,"69":0,"70":0,"71":0,"72":0,"73":0,"74":0,"75":0,"76":0,"77":0,"78":0,"79":0,"80":0,"81":0,"82":0,"83":0,"84":0,"85":0,"86":0,"87":0,"88":0,"89":0,"90":0,"91":0,"92":0,"93":0,"94":0,"95":0,"96":0,"97":0,"98":0,"99":0,"100":0,"101":0,"102":0,"103":0,"104":0,"105":0,"106":0,"107":0,"108":0,"109":0,"110":0,"111":0,"112":0,"113":0,"114":0,"115":0,"116":0,"117":0,"118":0,"119":0,"120":0,"121":0,"122":0,"123":0,"124":0,"125":0,"126":0,"127":0,"128":0,"129":0,"130":0,"131":0,"132":0},"f":{"0":0,"1":0,"2":0,"3":0,"4":0,"5":0,"6":0,"7":0,"8":0,"9":0,"10":0,"11":0,"12":0,"13":0,"14":0,"15":0,"16":0,"17":0,"18":0,"19":0,"20":0,"21":0,"22":0,"23":0,"24":0,"25":0,"26":0,"27":0,"28":0,"29":0,"30":0,"31":0,"32":0,"33":0},"b":{"0":[0,0],"1":[0,0],"2":[0,0],"3":[0,0],"4":[0,0,0],"5":[0,0],"6":[0,0],"7":[0,0],"8":[0,0],"9":[0,0],"10":[0,0],"11":[0,0],"12":[0,0],"13":[0,0]}}
,"/Users/timmyzhou/Melacast_For_Production/frontend/pages/login.vue": {"path":"/Users/timmyzhou/Melacast_For_Production/frontend/pages/login.vue","statementMap":{"0":{"start":{"line":111,"column":0},"end":{"line":111,"column":null}},"1":{"start":{"line":119,"column":0},"end":{"line":119,"column":null}},"2":{"start":{"line":126,"column":0},"end":{"line":126,"column":null}},"3":{"start":{"line":127,"column":0},"end":{"line":127,"column":null}},"4":{"start":{"line":131,"column":0},"end":{"line":133,"column":null}},"5":{"start":{"line":132,"column":0},"end":{"line":132,"column":null}},"6":{"start":{"line":137,"column":0},"end":{"line":137,"column":null}},"7":{"start":{"line":138,"column":0},"end":{"line":145,"column":null}},"8":{"start":{"line":139,"column":0},"end":{"line":139,"column":null}},"9":{"start":{"line":142,"column":0},"end":{"line":142,"column":null}},"10":{"start":{"line":144,"column":0},"end":{"line":144,"column":null}},"11":{"start":{"line":148,"column":0},"end":{"line":148,"column":null}}},"fnMap":{"0":{"name":"(anonymous_1)","decl":{"start":{"line":111,"column":0},"end":{"line":111,"column":null}},"loc":{"start":{"line":111,"column":0},"end":{"line":111,"column":null}}},"1":{"name":"(anonymous_2)","decl":{"start":{"line":119,"column":0},"end":{"line":119,"column":null}},"loc":{"start":{"line":119,"column":0},"end":{"line":119,"column":null}}},"2":{"name":"(anonymous_3)","decl":{"start":{"line":125,"column":0},"end":{"line":125,"column":null}},"loc":{"start":{"line":125,"column":0},"end":{"line":128,"column":null}}},"3":{"name":"(anonymous_4)","decl":{"start":{"line":130,"column":0},"end":{"line":130,"column":null}},"loc":{"start":{"line":130,"column":0},"end":{"line":134,"column":null}}},"4":{"name":"(anonymous_5)","decl":{"start":{"line":136,"column":0},"end":{"line":136,"column":null}},"loc":{"start":{"line":136,"column":0},"end":{"line":146,"column":null}}},"5":{"name":"(anonymous_6)","decl":{"start":{"line":147,"column":0},"end":{"line":147,"column":null}},"loc":{"start":{"line":147,"column":0},"end":{"line":149,"column":null}}}},"branchMap":{"0":{"loc":{"start":{"line":119,"column":0},"end":{"line":119,"column":null}},"type":"binary-expr","locations":[{"start":{"line":119,"column":0},"end":{"line":119,"column":null}},{"start":{"line":119,"column":0},"end":{"line":119,"column":null}},{"start":{"line":119,"column":0},"end":{"line":119,"column":null}}]},"1":{"loc":{"start":{"line":127,"column":0},"end":{"line":127,"column":null}},"type":"cond-expr","locations":[{"start":{"line":127,"column":0},"end":{"line":127,"column":null}},{"start":{"line":127,"column":0},"end":{"line":127,"column":null}}]},"2":{"loc":{"start":{"line":131,"column":0},"end":{"line":133,"column":null}},"type":"if","locations":[{"start":{"line":131,"column":0},"end":{"line":133,"column":null}},{"start":{"line":131,"column":0},"end":{"line":133,"column":null}}]}},"s":{"0":0,"1":0,"2":0,"3":0,"4":0,"5":0,"6":0,"7":0,"8":0,"9":0,"10":0,"11":0},"f":{"0":0,"1":0,"2":0,"3":0,"4":0,"5":0},"b":{"0":[0,0,0],"1":[0,0],"2":[0,0]}}
,"/Users/timmyzhou/Melacast_For_Production/frontend/pages/myapps.vue": {"path":"/Users/timmyzhou/Melacast_For_Production/frontend/pages/myapps.vue","statementMap":{"0":{"start":{"line":166,"column":0},"end":{"line":166,"column":null}},"1":{"start":{"line":167,"column":0},"end":{"line":167,"column":null}},"2":{"start":{"line":168,"column":0},"end":{"line":168,"column":null}},"3":{"start":{"line":169,"column":0},"end":{"line":169,"column":null}},"4":{"start":{"line":170,"column":0},"end":{"line":170,"column":null}},"5":{"start":{"line":171,"column":0},"end":{"line":171,"column":null}},"6":{"start":{"line":175,"column":0},"end":{"line":175,"column":null}},"7":{"start":{"line":180,"column":0},"end":{"line":180,"column":null}},"8":{"start":{"line":184,"column":0},"end":{"line":187,"column":null}},"9":{"start":{"line":185,"column":0},"end":{"line":185,"column":null}},"10":{"start":{"line":186,"column":0},"end":{"line":186,"column":null}},"11":{"start":{"line":190,"column":0},"end":{"line":190,"column":null}},"12":{"start":{"line":193,"column":0},"end":{"line":205,"column":null}},"13":{"start":{"line":200,"column":0},"end":{"line":200,"column":null}},"14":{"start":{"line":201,"column":0},"end":{"line":201,"column":null}},"15":{"start":{"line":204,"column":0},"end":{"line":204,"column":null}},"16":{"start":{"line":208,"column":0},"end":{"line":220,"column":null}},"17":{"start":{"line":215,"column":0},"end":{"line":215,"column":null}},"18":{"start":{"line":216,"column":0},"end":{"line":216,"column":null}},"19":{"start":{"line":219,"column":0},"end":{"line":219,"column":null}},"20":{"start":{"line":223,"column":0},"end":{"line":235,"column":null}},"21":{"start":{"line":230,"column":0},"end":{"line":230,"column":null}},"22":{"start":{"line":231,"column":0},"end":{"line":231,"column":null}},"23":{"start":{"line":234,"column":0},"end":{"line":234,"column":null}},"24":{"start":{"line":238,"column":0},"end":{"line":250,"column":null}},"25":{"start":{"line":245,"column":0},"end":{"line":245,"column":null}},"26":{"start":{"line":246,"column":0},"end":{"line":246,"column":null}},"27":{"start":{"line":249,"column":0},"end":{"line":249,"column":null}},"28":{"start":{"line":253,"column":0},"end":{"line":259,"column":null}},"29":{"start":{"line":254,"column":0},"end":{"line":258,"column":null}},"30":{"start":{"line":257,"column":0},"end":{"line":257,"column":null}},"31":{"start":{"line":260,"column":0},"end":{"line":266,"column":null}},"32":{"start":{"line":261,"column":0},"end":{"line":265,"column":null}},"33":{"start":{"line":264,"column":0},"end":{"line":264,"column":null}},"34":{"start":{"line":267,"column":0},"end":{"line":273,"column":null}},"35":{"start":{"line":268,"column":0},"end":{"line":272,"column":null}},"36":{"start":{"line":271,"column":0},"end":{"line":271,"column":null}},"37":{"start":{"line":279,"column":0},"end":{"line":279,"column":null}},"38":{"start":{"line":281,"column":0},"end":{"line":281,"column":null}},"39":{"start":{"line":283,"column":0},"end":{"line":283,"column":null}},"40":{"start":{"line":285,"column":0},"end":{"line":285,"column":null}},"41":{"start":{"line":287,"column":0},"end":{"line":287,"column":null}},"42":{"start":{"line":291,"column":0},"end":{"line":291,"column":null}},"43":{"start":{"line":293,"column":0},"end":{"line":293,"column":null}},"44":{"start":{"line":305,"column":0},"end":{"line":330,"column":null}},"45":{"start":{"line":306,"column":0},"end":{"line":306,"column":null}},"46":{"start":{"line":307,"column":0},"end":{"line":313,"column":null}},"47":{"start":{"line":319,"column":0},"end":{"line":319,"column":null}},"48":{"start":{"line":320,"column":0},"end":{"line":322,"column":null}},"49":{"start":{"line":321,"column":0},"end":{"line":321,"column":null}},"50":{"start":{"line":324,"column":0},"end":{"line":329,"column":null}},"51":{"start":{"line":325,"column":0},"end":{"line":325,"column":null}},"52":{"start":{"line":326,"column":0},"end":{"line":326,"column":null}},"53":{"start":{"line":327,"column":0},"end":{"line":327,"column":null}},"54":{"start":{"line":328,"column":0},"end":{"line":328,"column":null}},"55":{"start":{"line":333,"column":0},"end":{"line":333,"column":null}}},"fnMap":{"0":{"name":"(anonymous_2)","decl":{"start":{"line":174,"column":0},"end":{"line":174,"column":null}},"loc":{"start":{"line":174,"column":0},"end":{"line":178,"column":null}}},"1":{"name":"(anonymous_3)","decl":{"start":{"line":179,"column":0},"end":{"line":179,"column":null}},"loc":{"start":{"line":179,"column":0},"end":{"line":181,"column":null}}},"2":{"name":"(anonymous_4)","decl":{"start":{"line":183,"column":0},"end":{"line":183,"column":null}},"loc":{"start":{"line":183,"column":0},"end":{"line":188,"column":null}}},"3":{"name":"(anonymous_5)","decl":{"start":{"line":189,"column":0},"end":{"line":189,"column":null}},"loc":{"start":{"line":189,"column":0},"end":{"line":191,"column":null}}},"4":{"name":"(anonymous_6)","decl":{"start":{"line":190,"column":0},"end":{"line":190,"column":null}},"loc":{"start":{"line":190,"column":0},"end":{"line":190,"column":null}}},"5":{"name":"(anonymous_7)","decl":{"start":{"line":192,"column":0},"end":{"line":192,"column":null}},"loc":{"start":{"line":192,"column":0},"end":{"line":206,"column":null}}},"6":{"name":"(anonymous_8)","decl":{"start":{"line":194,"column":0},"end":{"line":194,"column":null}},"loc":{"start":{"line":194,"column":0},"end":{"line":202,"column":null}}},"7":{"name":"(anonymous_9)","decl":{"start":{"line":202,"column":0},"end":{"line":202,"column":null}},"loc":{"start":{"line":202,"column":0},"end":{"line":205,"column":null}}},"8":{"name":"(anonymous_10)","decl":{"start":{"line":207,"column":0},"end":{"line":207,"column":null}},"loc":{"start":{"line":207,"column":0},"end":{"line":221,"column":null}}},"9":{"name":"(anonymous_11)","decl":{"start":{"line":209,"column":0},"end":{"line":209,"column":null}},"loc":{"start":{"line":209,"column":0},"end":{"line":217,"column":null}}},"10":{"name":"(anonymous_12)","decl":{"start":{"line":217,"column":0},"end":{"line":217,"column":null}},"loc":{"start":{"line":217,"column":0},"end":{"line":220,"column":null}}},"11":{"name":"(anonymous_13)","decl":{"start":{"line":222,"column":0},"end":{"line":222,"column":null}},"loc":{"start":{"line":222,"column":0},"end":{"line":236,"column":null}}},"12":{"name":"(anonymous_14)","decl":{"start":{"line":224,"column":0},"end":{"line":224,"column":null}},"loc":{"start":{"line":224,"column":0},"end":{"line":232,"column":null}}},"13":{"name":"(anonymous_15)","decl":{"start":{"line":232,"column":0},"end":{"line":232,"column":null}},"loc":{"start":{"line":232,"column":0},"end":{"line":235,"column":null}}},"14":{"name":"(anonymous_16)","decl":{"start":{"line":237,"column":0},"end":{"line":237,"column":null}},"loc":{"start":{"line":237,"column":0},"end":{"line":251,"column":null}}},"15":{"name":"(anonymous_17)","decl":{"start":{"line":239,"column":0},"end":{"line":239,"column":null}},"loc":{"start":{"line":239,"column":0},"end":{"line":247,"column":null}}},"16":{"name":"(anonymous_18)","decl":{"start":{"line":247,"column":0},"end":{"line":247,"column":null}},"loc":{"start":{"line":247,"column":0},"end":{"line":250,"column":null}}},"17":{"name":"(anonymous_19)","decl":{"start":{"line":252,"column":0},"end":{"line":252,"column":null}},"loc":{"start":{"line":252,"column":0},"end":{"line":274,"column":null}}},"18":{"name":"(anonymous_20)","decl":{"start":{"line":254,"column":0},"end":{"line":254,"column":null}},"loc":{"start":{"line":254,"column":0},"end":{"line":258,"column":null}}},"19":{"name":"(anonymous_21)","decl":{"start":{"line":261,"column":0},"end":{"line":261,"column":null}},"loc":{"start":{"line":261,"column":0},"end":{"line":265,"column":null}}},"20":{"name":"(anonymous_22)","decl":{"start":{"line":268,"column":0},"end":{"line":268,"column":null}},"loc":{"start":{"line":268,"column":0},"end":{"line":272,"column":null}}},"21":{"name":"(anonymous_23)","decl":{"start":{"line":278,"column":0},"end":{"line":278,"column":null}},"loc":{"start":{"line":278,"column":0},"end":{"line":289,"column":null}}},"22":{"name":"(anonymous_24)","decl":{"start":{"line":290,"column":0},"end":{"line":290,"column":null}},"loc":{"start":{"line":290,"column":0},"end":{"line":295,"column":null}}},"23":{"name":"(anonymous_25)","decl":{"start":{"line":304,"column":0},"end":{"line":304,"column":null}},"loc":{"start":{"line":304,"column":0},"end":{"line":331,"column":null}}},"24":{"name":"(anonymous_26)","decl":{"start":{"line":332,"column":0},"end":{"line":332,"column":null}},"loc":{"start":{"line":332,"column":0},"end":{"line":348,"column":null}}}},"branchMap":{"0":{"loc":{"start":{"line":184,"column":0},"end":{"line":187,"column":null}},"type":"if","locations":[{"start":{"line":184,"column":0},"end":{"line":187,"column":null}},{"start":{"line":184,"column":0},"end":{"line":187,"column":null}}]},"1":{"loc":{"start":{"line":253,"column":0},"end":{"line":259,"column":null}},"type":"if","locations":[{"start":{"line":253,"column":0},"end":{"line":259,"column":null}},{"start":{"line":253,"column":0},"end":{"line":259,"column":null}}]},"2":{"loc":{"start":{"line":260,"column":0},"end":{"line":266,"column":null}},"type":"if","locations":[{"start":{"line":260,"column":0},"end":{"line":266,"column":null}},{"start":{"line":260,"column":0},"end":{"line":266,"column":null}}]},"3":{"loc":{"start":{"line":267,"column":0},"end":{"line":273,"column":null}},"type":"if","locations":[{"start":{"line":267,"column":0},"end":{"line":273,"column":null}},{"start":{"line":267,"column":0},"end":{"line":273,"column":null}}]},"4":{"loc":{"start":{"line":280,"column":0},"end":{"line":281,"column":null}},"type":"switch","locations":[{"start":{"line":280,"column":0},"end":{"line":281,"column":null}},{"start":{"line":282,"column":0},"end":{"line":283,"column":null}},{"start":{"line":284,"column":0},"end":{"line":285,"column":null}},{"start":{"line":286,"column":0},"end":{"line":287,"column":null}}]},"5":{"loc":{"start":{"line":292,"column":0},"end":{"line":293,"column":null}},"type":"switch","locations":[{"start":{"line":292,"column":0},"end":{"line":293,"column":null}}]},"6":{"loc":{"start":{"line":320,"column":0},"end":{"line":322,"column":null}},"type":"if","locations":[{"start":{"line":320,"column":0},"end":{"line":322,"column":null}},{"start":{"line":320,"column":0},"end":{"line":322,"column":null}}]},"7":{"loc":{"start":{"line":324,"column":0},"end":{"line":329,"column":null}},"type":"if","locations":[{"start":{"line":324,"column":0},"end":{"line":329,"column":null}},{"start":{"line":324,"column":0},"end":{"line":329,"column":null}}]}},"s":{"0":2,"1":2,"2":2,"3":2,"4":2,"5":2,"6":0,"7":1,"8":0,"9":0,"10":0,"11":1,"12":0,"13":0,"14":0,"15":0,"16":0,"17":0,"18":0,"19":0,"20":0,"21":0,"22":0,"23":0,"24":0,"25":0,"26":0,"27":0,"28":0,"29":0,"30":0,"31":0,"32":0,"33":0,"34":0,"35":0,"36":0,"37":0,"38":0,"39":0,"40":0,"41":0,"42":0,"43":0,"44":0,"45":0,"46":0,"47":0,"48":0,"49":0,"50":0,"51":0,"52":0,"53":0,"54":0,"55":1},"f":{"0":0,"1":1,"2":0,"3":1,"4":0,"5":0,"6":0,"7":0,"8":0,"9":0,"10":0,"11":0,"12":0,"13":0,"14":0,"15":0,"16":0,"17":0,"18":0,"19":0,"20":0,"21":0,"22":0,"23":0,"24":1},"b":{"0":[0,0],"1":[0,0],"2":[0,0],"3":[0,0],"4":[0,0,0,0],"5":[0],"6":[0,0],"7":[0,0]}}
}
