TN:
SF:components/GalleryThumbnailComponent.vue
FN:47,(anonymous_2)
FN:64,(anonymous_3)
FN:78,(anonymous_4)
FN:82,(anonymous_5)
FN:83,(anonymous_6)
FN:89,(anonymous_7)
FN:94,(anonymous_8)
FN:98,(anonymous_9)
FN:102,(anonymous_10)
FN:110,(anonymous_11)
FN:116,(anonymous_12)
FN:124,(anonymous_13)
FN:130,(anonymous_14)
FN:138,(anonymous_15)
FNF:14
FNH:0
FNDA:0,(anonymous_2)
FNDA:0,(anonymous_3)
FNDA:0,(anonymous_4)
FNDA:0,(anonymous_5)
FNDA:0,(anonymous_6)
FNDA:0,(anonymous_7)
FNDA:0,(anonymous_8)
FNDA:0,(anonymous_9)
FNDA:0,(anonymous_10)
FNDA:0,(anonymous_11)
FNDA:0,(anonymous_12)
FNDA:0,(anonymous_13)
FNDA:0,(anonymous_14)
FNDA:0,(anonymous_15)
DA:44,0
DA:45,0
DA:48,0
DA:65,0
DA:67,0
DA:69,0
DA:71,0
DA:73,0
DA:79,0
DA:83,0
DA:86,0
DA:87,0
DA:88,0
DA:91,0
DA:96,0
DA:99,0
DA:100,0
DA:101,0
DA:108,0
DA:109,0
DA:112,0
DA:114,0
DA:115,0
DA:122,0
DA:123,0
DA:126,0
DA:129,0
DA:136,0
DA:137,0
DA:140,0
LF:30
LH:0
BRDA:66,0,0,0
BRDA:66,0,1,0
BRDA:66,0,2,0
BRDA:66,0,3,0
BRDA:100,1,0,0
BRDA:100,1,1,0
BRDA:114,2,0,0
BRDA:114,2,1,0
BRF:8
BRH:0
end_of_record
TN:
SF:components/GridComponent.vue
FN:26,(anonymous_1)
FNF:1
FNH:0
FNDA:0,(anonymous_1)
DA:27,0
DA:28,0
LF:2
LH:0
BRF:0
BRH:0
end_of_record
TN:
SF:components/SideBarComponent.vue
FN:99,(anonymous_2)
FN:109,(anonymous_3)
FN:115,(anonymous_4)
FN:126,(anonymous_5)
FN:135,(anonymous_6)
FN:140,(anonymous_7)
FN:144,(anonymous_8)
FNF:7
FNH:0
FNDA:0,(anonymous_2)
FNDA:0,(anonymous_3)
FNDA:0,(anonymous_4)
FNDA:0,(anonymous_5)
FNDA:0,(anonymous_6)
FNDA:0,(anonymous_7)
FNDA:0,(anonymous_8)
DA:95,0
DA:100,0
DA:110,0
DA:112,0
DA:116,0
DA:118,0
DA:121,0
DA:123,0
DA:127,0
DA:129,0
DA:130,0
DA:136,0
DA:137,0
DA:138,0
DA:141,0
DA:142,0
DA:145,0
DA:146,0
LF:18
LH:0
BRDA:111,0,0,0
BRDA:117,1,0,0
BRDA:117,1,1,0
BRDA:117,1,2,0
BRDA:128,2,0,0
BRF:5
BRH:0
end_of_record
TN:
SF:components/TopNavbar.vue
FN:26,(anonymous_1)
FN:38,(anonymous_2)
FN:54,(anonymous_3)
FN:59,(anonymous_4)
FNF:4
FNH:0
FNDA:0,(anonymous_1)
FNDA:0,(anonymous_2)
FNDA:0,(anonymous_3)
FNDA:0,(anonymous_4)
DA:27,0
DA:39,0
DA:41,0
DA:43,0
DA:45,0
DA:47,0
DA:49,0
DA:55,0
DA:60,0
LF:9
LH:0
BRDA:40,0,0,0
BRDA:40,0,1,0
BRDA:40,0,2,0
BRDA:40,0,3,0
BRDA:40,0,4,0
BRF:5
BRH:0
end_of_record
TN:
SF:components/lightBoxGallery.vue
FN:91,(anonymous_1)
FN:95,(anonymous_2)
FN:98,(anonymous_3)
FN:121,(anonymous_4)
FNF:4
FNH:0
FNDA:0,(anonymous_1)
FNDA:0,(anonymous_2)
FNDA:0,(anonymous_3)
FNDA:0,(anonymous_4)
DA:92,0
DA:96,0
DA:99,0
DA:100,0
DA:101,0
DA:102,0
DA:103,0
DA:105,0
DA:106,0
DA:107,0
DA:110,0
DA:111,0
DA:112,0
DA:113,0
DA:115,0
DA:116,0
DA:117,0
DA:122,0
DA:123,0
DA:124,0
DA:126,0
DA:129,0
DA:130,0
DA:132,0
LF:24
LH:0
BRDA:99,0,0,0
BRDA:99,0,1,0
BRDA:100,1,0,0
BRDA:100,1,1,0
BRDA:110,2,0,0
BRDA:110,2,1,0
BRDA:122,3,0,0
BRDA:122,3,1,0
BRDA:123,4,0,0
BRDA:123,4,1,0
BRDA:129,5,0,0
BRDA:129,5,1,0
BRF:12
BRH:0
end_of_record
TN:
SF:pages/createlisting.vue
FN:844,(anonymous_2)
FN:849,(anonymous_3)
FN:862,(anonymous_4)
FN:866,(anonymous_5)
FN:873,(anonymous_6)
FN:874,(anonymous_7)
FN:878,(anonymous_9)
FN:886,(anonymous_10)
FN:894,(anonymous_11)
FN:906,(anonymous_12)
FN:918,(anonymous_13)
FN:931,(anonymous_14)
FN:944,(anonymous_15)
FN:963,(anonymous_16)
FN:975,(anonymous_17)
FN:983,(anonymous_18)
FN:990,(anonymous_19)
FN:996,(anonymous_20)
FN:1001,(anonymous_21)
FN:1007,(anonymous_22)
FN:1010,(anonymous_23)
FN:1021,(anonymous_24)
FN:1036,(anonymous_25)
FN:1049,(anonymous_26)
FN:1053,(anonymous_27)
FN:1067,(anonymous_28)
FN:1075,(anonymous_29)
FN:1083,(anonymous_30)
FN:1105,(anonymous_31)
FN:1116,(anonymous_32)
FN:1127,(anonymous_33)
FN:1134,(anonymous_34)
FN:1145,(anonymous_35)
FN:1155,(anonymous_36)
FN:1167,(anonymous_37)
FN:1181,(anonymous_38)
FN:1186,(anonymous_39)
FN:1193,(anonymous_40)
FN:1196,(anonymous_41)
FN:1203,(anonymous_42)
FN:1208,(anonymous_43)
FN:1211,(anonymous_44)
FN:1218,(anonymous_45)
FN:1223,(anonymous_46)
FN:1226,(anonymous_47)
FN:1233,(anonymous_48)
FN:1238,(anonymous_49)
FN:1246,(anonymous_50)
FN:1254,(anonymous_51)
FN:1262,(anonymous_52)
FN:1264,(anonymous_53)
FN:1277,(anonymous_54)
FN:1282,(anonymous_55)
FN:1286,(anonymous_56)
FN:1294,(anonymous_57)
FN:1299,(anonymous_58)
FN:1303,(anonymous_59)
FN:1311,(anonymous_60)
FN:1317,(anonymous_61)
FNF:59
FNH:0
FNDA:0,(anonymous_2)
FNDA:0,(anonymous_3)
FNDA:0,(anonymous_4)
FNDA:0,(anonymous_5)
FNDA:0,(anonymous_6)
FNDA:0,(anonymous_7)
FNDA:0,(anonymous_9)
FNDA:0,(anonymous_10)
FNDA:0,(anonymous_11)
FNDA:0,(anonymous_12)
FNDA:0,(anonymous_13)
FNDA:0,(anonymous_14)
FNDA:0,(anonymous_15)
FNDA:0,(anonymous_16)
FNDA:0,(anonymous_17)
FNDA:0,(anonymous_18)
FNDA:0,(anonymous_19)
FNDA:0,(anonymous_20)
FNDA:0,(anonymous_21)
FNDA:0,(anonymous_22)
FNDA:0,(anonymous_23)
FNDA:0,(anonymous_24)
FNDA:0,(anonymous_25)
FNDA:0,(anonymous_26)
FNDA:0,(anonymous_27)
FNDA:0,(anonymous_28)
FNDA:0,(anonymous_29)
FNDA:0,(anonymous_30)
FNDA:0,(anonymous_31)
FNDA:0,(anonymous_32)
FNDA:0,(anonymous_33)
FNDA:0,(anonymous_34)
FNDA:0,(anonymous_35)
FNDA:0,(anonymous_36)
FNDA:0,(anonymous_37)
FNDA:0,(anonymous_38)
FNDA:0,(anonymous_39)
FNDA:0,(anonymous_40)
FNDA:0,(anonymous_41)
FNDA:0,(anonymous_42)
FNDA:0,(anonymous_43)
FNDA:0,(anonymous_44)
FNDA:0,(anonymous_45)
FNDA:0,(anonymous_46)
FNDA:0,(anonymous_47)
FNDA:0,(anonymous_48)
FNDA:0,(anonymous_49)
FNDA:0,(anonymous_50)
FNDA:0,(anonymous_51)
FNDA:0,(anonymous_52)
FNDA:0,(anonymous_53)
FNDA:0,(anonymous_54)
FNDA:0,(anonymous_55)
FNDA:0,(anonymous_56)
FNDA:0,(anonymous_57)
FNDA:0,(anonymous_58)
FNDA:0,(anonymous_59)
FNDA:0,(anonymous_60)
FNDA:0,(anonymous_61)
DA:835,0
DA:836,0
DA:837,0
DA:838,0
DA:839,0
DA:840,0
DA:841,0
DA:845,0
DA:850,0
DA:863,0
DA:864,0
DA:867,0
DA:868,0
DA:870,0
DA:874,0
DA:879,0
DA:880,0
DA:881,0
DA:883,0
DA:887,0
DA:895,0
DA:896,0
DA:903,0
DA:904,0
DA:907,0
DA:909,0
DA:911,0
DA:913,0
DA:915,0
DA:919,0
DA:921,0
DA:923,0
DA:925,0
DA:927,0
DA:932,0
DA:934,0
DA:936,0
DA:938,0
DA:940,0
DA:945,0
DA:946,0
DA:947,0
DA:952,0
DA:954,0
DA:955,0
DA:956,0
DA:957,0
DA:959,0
DA:964,0
DA:965,0
DA:966,0
DA:967,0
DA:971,0
DA:975,0
DA:981,0
DA:982,0
DA:985,0
DA:986,0
DA:991,0
DA:992,0
DA:997,0
DA:998,0
DA:999,0
DA:1002,0
DA:1003,0
DA:1005,0
DA:1008,0
DA:1012,0
DA:1013,0
DA:1014,0
DA:1015,0
DA:1016,0
DA:1017,0
DA:1019,0
DA:1025,0
DA:1026,0
DA:1027,0
DA:1028,0
DA:1029,0
DA:1030,0
DA:1031,0
DA:1032,0
DA:1034,0
DA:1037,0
DA:1038,0
DA:1040,0
DA:1041,0
DA:1051,0
DA:1056,0
DA:1057,0
DA:1058,0
DA:1059,0
DA:1063,0
DA:1067,0
DA:1073,0
DA:1074,0
DA:1077,0
DA:1078,0
DA:1085,0
DA:1086,0
DA:1087,0
DA:1092,0
DA:1093,0
DA:1094,0
DA:1096,0
DA:1098,0
DA:1099,0
DA:1101,0
DA:1102,0
DA:1103,0
DA:1105,0
DA:1114,0
DA:1115,0
DA:1118,0
DA:1119,0
DA:1124,0
DA:1125,0
DA:1126,0
DA:1131,0
DA:1132,0
DA:1133,0
DA:1134,0
DA:1143,0
DA:1144,0
DA:1147,0
DA:1148,0
DA:1157,0
DA:1158,0
DA:1159,0
DA:1162,0
DA:1163,0
DA:1164,0
DA:1165,0
DA:1169,0
DA:1170,0
DA:1175,0
DA:1176,0
DA:1177,0
DA:1179,0
DA:1180,0
DA:1181,0
DA:1184,0
DA:1188,0
DA:1189,0
DA:1195,0
DA:1202,0
DA:1205,0
DA:1210,0
DA:1217,0
DA:1220,0
DA:1225,0
DA:1232,0
DA:1235,0
DA:1240,0
DA:1241,0
DA:1243,0
DA:1244,0
DA:1248,0
DA:1249,0
DA:1251,0
DA:1252,0
DA:1256,0
DA:1257,0
DA:1259,0
DA:1260,0
DA:1264,0
DA:1267,0
DA:1268,0
DA:1269,0
DA:1270,0
DA:1271,0
DA:1272,0
DA:1273,0
DA:1274,0
DA:1275,0
DA:1276,0
DA:1279,0
DA:1284,0
DA:1286,0
DA:1289,0
DA:1290,0
DA:1291,0
DA:1292,0
DA:1293,0
DA:1296,0
DA:1300,0
DA:1303,0
DA:1306,0
DA:1307,0
DA:1308,0
DA:1309,0
DA:1310,0
DA:1313,0
DA:1318,0
LF:194
LH:0
BRDA:867,0,0,0
BRDA:867,0,1,0
BRDA:879,1,0,0
BRDA:879,1,1,0
BRDA:908,2,0,0
BRDA:908,2,1,0
BRDA:908,2,2,0
BRDA:908,2,3,0
BRDA:920,3,0,0
BRDA:920,3,1,0
BRDA:920,3,2,0
BRDA:920,3,3,0
BRDA:933,4,0,0
BRDA:933,4,1,0
BRDA:933,4,2,0
BRDA:933,4,3,0
BRDA:954,5,0,0
BRDA:954,5,1,0
BRDA:985,6,0,0
BRDA:985,6,1,0
BRDA:1077,7,0,0
BRDA:1077,7,1,0
BRDA:1096,8,0,0
BRDA:1096,8,1,0
BRDA:1118,9,0,0
BRDA:1118,9,1,0
BRDA:1147,10,0,0
BRDA:1147,10,1,0
BRDA:1188,11,0,0
BRDA:1188,11,1,0
BRF:30
BRH:0
end_of_record
TN:
SF:pages/createprofile.vue
FN:165,(anonymous_2)
FNF:1
FNH:0
FNDA:0,(anonymous_2)
DA:159,0
DA:160,0
DA:161,0
DA:166,0
LF:4
LH:0
BRF:0
BRH:0
end_of_record
TN:
SF:pages/listingsubmitted.vue
FN:25,(anonymous_1)
FN:30,(anonymous_2)
FN:51,(anonymous_3)
FN:56,(anonymous_4)
FN:66,(anonymous_5)
FN:69,(anonymous_6)
FN:73,(anonymous_7)
FN:79,(anonymous_8)
FN:89,(anonymous_9)
FN:90,(anonymous_10)
FN:93,(anonymous_11)
FN:97,(anonymous_12)
FN:103,(anonymous_13)
FN:110,(anonymous_14)
FN:114,(anonymous_15)
FNF:15
FNH:0
FNDA:0,(anonymous_1)
FNDA:0,(anonymous_2)
FNDA:0,(anonymous_3)
FNDA:0,(anonymous_4)
FNDA:0,(anonymous_5)
FNDA:0,(anonymous_6)
FNDA:0,(anonymous_7)
FNDA:0,(anonymous_8)
FNDA:0,(anonymous_9)
FNDA:0,(anonymous_10)
FNDA:0,(anonymous_11)
FNDA:0,(anonymous_12)
FNDA:0,(anonymous_13)
FNDA:0,(anonymous_14)
FNDA:0,(anonymous_15)
DA:20,0
DA:26,0
DA:27,0
DA:31,0
DA:52,0
DA:53,0
DA:57,0
DA:58,0
DA:59,0
DA:60,0
DA:62,0
DA:63,0
DA:66,0
DA:69,0
DA:72,0
DA:75,0
DA:76,0
DA:81,0
DA:82,0
DA:90,0
DA:93,0
DA:96,0
DA:99,0
DA:100,0
DA:105,0
DA:106,0
DA:111,0
DA:112,0
DA:115,0
LF:29
LH:0
BRDA:75,0,0,0
BRDA:75,0,1,0
BRDA:81,1,0,0
BRDA:81,1,1,0
BRDA:99,2,0,0
BRDA:99,2,1,0
BRDA:105,3,0,0
BRDA:105,3,1,0
BRF:8
BRH:0
end_of_record
TN:
SF:pages/login.vue
FN:111,(anonymous_1)
FN:119,(anonymous_2)
FN:125,(anonymous_3)
FN:130,(anonymous_4)
FN:136,(anonymous_5)
FN:147,(anonymous_6)
FNF:6
FNH:0
FNDA:0,(anonymous_1)
FNDA:0,(anonymous_2)
FNDA:0,(anonymous_3)
FNDA:0,(anonymous_4)
FNDA:0,(anonymous_5)
FNDA:0,(anonymous_6)
DA:111,0
DA:119,0
DA:126,0
DA:127,0
DA:131,0
DA:132,0
DA:137,0
DA:138,0
DA:139,0
DA:142,0
DA:144,0
DA:148,0
LF:12
LH:0
BRDA:119,0,0,0
BRDA:119,0,1,0
BRDA:119,0,2,0
BRDA:127,1,0,0
BRDA:127,1,1,0
BRDA:131,2,0,0
BRDA:131,2,1,0
BRF:7
BRH:0
end_of_record
TN:
SF:pages/myapps.vue
FN:143,(anonymous_2)
FN:148,(anonymous_3)
FN:152,(anonymous_4)
FN:158,(anonymous_5)
FN:159,(anonymous_6)
FN:161,(anonymous_7)
FN:163,(anonymous_8)
FN:171,(anonymous_9)
FN:176,(anonymous_10)
FN:178,(anonymous_11)
FN:186,(anonymous_12)
FN:191,(anonymous_13)
FN:193,(anonymous_14)
FN:201,(anonymous_15)
FN:206,(anonymous_16)
FN:208,(anonymous_17)
FN:216,(anonymous_18)
FN:221,(anonymous_19)
FN:223,(anonymous_20)
FN:230,(anonymous_21)
FN:237,(anonymous_22)
FN:247,(anonymous_23)
FN:259,(anonymous_24)
FN:273,(anonymous_25)
FN:301,(anonymous_26)
FNF:25
FNH:0
FNDA:0,(anonymous_2)
FNDA:0,(anonymous_3)
FNDA:0,(anonymous_4)
FNDA:0,(anonymous_5)
FNDA:0,(anonymous_6)
FNDA:0,(anonymous_7)
FNDA:0,(anonymous_8)
FNDA:0,(anonymous_9)
FNDA:0,(anonymous_10)
FNDA:0,(anonymous_11)
FNDA:0,(anonymous_12)
FNDA:0,(anonymous_13)
FNDA:0,(anonymous_14)
FNDA:0,(anonymous_15)
FNDA:0,(anonymous_16)
FNDA:0,(anonymous_17)
FNDA:0,(anonymous_18)
FNDA:0,(anonymous_19)
FNDA:0,(anonymous_20)
FNDA:0,(anonymous_21)
FNDA:0,(anonymous_22)
FNDA:0,(anonymous_23)
FNDA:0,(anonymous_24)
FNDA:0,(anonymous_25)
FNDA:0,(anonymous_26)
DA:135,0
DA:136,0
DA:137,0
DA:138,0
DA:139,0
DA:140,0
DA:144,0
DA:149,0
DA:153,0
DA:154,0
DA:155,0
DA:159,0
DA:162,0
DA:169,0
DA:170,0
DA:173,0
DA:177,0
DA:184,0
DA:185,0
DA:188,0
DA:192,0
DA:199,0
DA:200,0
DA:203,0
DA:207,0
DA:214,0
DA:215,0
DA:218,0
DA:222,0
DA:223,0
DA:226,0
DA:229,0
DA:230,0
DA:233,0
DA:236,0
DA:237,0
DA:240,0
DA:248,0
DA:250,0
DA:252,0
DA:254,0
DA:256,0
DA:260,0
DA:262,0
DA:274,0
DA:275,0
DA:276,0
DA:288,0
DA:289,0
DA:290,0
DA:293,0
DA:294,0
DA:295,0
DA:296,0
DA:297,0
DA:302,0
LF:56
LH:0
BRDA:153,0,0,0
BRDA:153,0,1,0
BRDA:222,1,0,0
BRDA:222,1,1,0
BRDA:229,2,0,0
BRDA:229,2,1,0
BRDA:236,3,0,0
BRDA:236,3,1,0
BRDA:249,4,0,0
BRDA:249,4,1,0
BRDA:249,4,2,0
BRDA:249,4,3,0
BRDA:261,5,0,0
BRDA:289,6,0,0
BRDA:289,6,1,0
BRDA:293,7,0,0
BRDA:293,7,1,0
BRF:17
BRH:0
end_of_record
