TN:
SF:components/GalleryThumbnailComponent.vue
FN:47,(anonymous_2)
FN:64,(anonymous_3)
FN:78,(anonymous_4)
FN:82,(anonymous_5)
FN:83,(anonymous_6)
FN:89,(anonymous_7)
FN:94,(anonymous_8)
FN:98,(anonymous_9)
FN:102,(anonymous_10)
FN:110,(anonymous_11)
FN:116,(anonymous_12)
FN:124,(anonymous_13)
FN:130,(anonymous_14)
FN:138,(anonymous_15)
FNF:14
FNH:0
FNDA:0,(anonymous_2)
FNDA:0,(anonymous_3)
FNDA:0,(anonymous_4)
FNDA:0,(anonymous_5)
FNDA:0,(anonymous_6)
FNDA:0,(anonymous_7)
FNDA:0,(anonymous_8)
FNDA:0,(anonymous_9)
FNDA:0,(anonymous_10)
FNDA:0,(anonymous_11)
FNDA:0,(anonymous_12)
FNDA:0,(anonymous_13)
FNDA:0,(anonymous_14)
FNDA:0,(anonymous_15)
DA:44,1
DA:45,1
DA:48,0
DA:65,0
DA:67,0
DA:69,0
DA:71,0
DA:73,0
DA:79,0
DA:83,0
DA:86,0
DA:87,0
DA:88,0
DA:91,0
DA:96,0
DA:99,0
DA:100,0
DA:101,0
DA:108,0
DA:109,0
DA:112,0
DA:114,0
DA:115,0
DA:122,0
DA:123,0
DA:126,0
DA:129,0
DA:136,0
DA:137,0
DA:140,0
LF:30
LH:2
BRDA:66,0,0,0
BRDA:66,0,1,0
BRDA:66,0,2,0
BRDA:66,0,3,0
BRDA:100,1,0,0
BRDA:100,1,1,0
BRDA:114,2,0,0
BRDA:114,2,1,0
BRF:8
BRH:0
end_of_record
TN:
SF:components/GridComponent.vue
FN:26,(anonymous_1)
FNF:1
FNH:0
FNDA:0,(anonymous_1)
DA:27,0
DA:28,0
LF:2
LH:0
BRF:0
BRH:0
end_of_record
TN:
SF:components/SideBarComponent.vue
FN:99,(anonymous_2)
FN:109,(anonymous_3)
FN:115,(anonymous_4)
FN:126,(anonymous_5)
FN:135,(anonymous_6)
FN:140,(anonymous_7)
FN:144,(anonymous_8)
FNF:7
FNH:0
FNDA:0,(anonymous_2)
FNDA:0,(anonymous_3)
FNDA:0,(anonymous_4)
FNDA:0,(anonymous_5)
FNDA:0,(anonymous_6)
FNDA:0,(anonymous_7)
FNDA:0,(anonymous_8)
DA:95,2
DA:100,0
DA:110,0
DA:112,0
DA:116,0
DA:118,0
DA:121,0
DA:123,0
DA:127,0
DA:129,0
DA:130,0
DA:136,0
DA:137,0
DA:138,0
DA:141,0
DA:142,0
DA:145,0
DA:146,0
LF:18
LH:1
BRDA:111,0,0,0
BRDA:117,1,0,0
BRDA:117,1,1,0
BRDA:117,1,2,0
BRDA:128,2,0,0
BRF:5
BRH:0
end_of_record
TN:
SF:components/TopNavbar.vue
FN:26,(anonymous_1)
FN:38,(anonymous_2)
FN:54,(anonymous_3)
FN:59,(anonymous_4)
FNF:4
FNH:0
FNDA:0,(anonymous_1)
FNDA:0,(anonymous_2)
FNDA:0,(anonymous_3)
FNDA:0,(anonymous_4)
DA:27,0
DA:39,0
DA:41,0
DA:43,0
DA:45,0
DA:47,0
DA:49,0
DA:55,0
DA:60,0
LF:9
LH:0
BRDA:40,0,0,0
BRDA:40,0,1,0
BRDA:40,0,2,0
BRDA:40,0,3,0
BRDA:40,0,4,0
BRF:5
BRH:0
end_of_record
TN:
SF:components/lightBoxGallery.vue
FN:91,(anonymous_1)
FN:95,(anonymous_2)
FN:98,(anonymous_3)
FN:121,(anonymous_4)
FNF:4
FNH:0
FNDA:0,(anonymous_1)
FNDA:0,(anonymous_2)
FNDA:0,(anonymous_3)
FNDA:0,(anonymous_4)
DA:92,0
DA:96,0
DA:99,0
DA:100,0
DA:101,0
DA:102,0
DA:103,0
DA:105,0
DA:106,0
DA:107,0
DA:110,0
DA:111,0
DA:112,0
DA:113,0
DA:115,0
DA:116,0
DA:117,0
DA:122,0
DA:123,0
DA:124,0
DA:126,0
DA:129,0
DA:130,0
DA:132,0
LF:24
LH:0
BRDA:99,0,0,0
BRDA:99,0,1,0
BRDA:100,1,0,0
BRDA:100,1,1,0
BRDA:110,2,0,0
BRDA:110,2,1,0
BRDA:122,3,0,0
BRDA:122,3,1,0
BRDA:123,4,0,0
BRDA:123,4,1,0
BRDA:129,5,0,0
BRDA:129,5,1,0
BRF:12
BRH:0
end_of_record
TN:
SF:pages/createlisting.vue
FN:875,(anonymous_2)
FN:880,(anonymous_3)
FN:893,(anonymous_4)
FN:897,(anonymous_5)
FN:904,(anonymous_6)
FN:905,(anonymous_7)
FN:909,(anonymous_9)
FN:926,(anonymous_10)
FN:938,(anonymous_11)
FN:950,(anonymous_12)
FN:963,(anonymous_13)
FN:976,(anonymous_14)
FN:1023,(anonymous_15)
FN:1027,(anonymous_16)
FN:1036,(anonymous_17)
FN:1041,(anonymous_18)
FN:1044,(anonymous_19)
FN:1055,(anonymous_20)
FN:1070,(anonymous_21)
FN:1078,(anonymous_22)
FN:1082,(anonymous_23)
FN:1112,(anonymous_24)
FN:1120,(anonymous_25)
FN:1128,(anonymous_26)
FN:1136,(anonymous_27)
FN:1145,(anonymous_28)
FN:1166,(anonymous_29)
FN:1179,(anonymous_30)
FN:1197,(anonymous_31)
FN:1210,(anonymous_32)
FN:1219,(anonymous_33)
FN:1233,(anonymous_34)
FN:1247,(anonymous_35)
FN:1251,(anonymous_36)
FN:1258,(anonymous_37)
FN:1266,(anonymous_38)
FN:1269,(anonymous_39)
FN:1274,(anonymous_40)
FN:1278,(anonymous_41)
FN:1285,(anonymous_42)
FN:1290,(anonymous_43)
FN:1294,(anonymous_44)
FN:1301,(anonymous_45)
FN:1306,(anonymous_46)
FN:1314,(anonymous_47)
FN:1322,(anonymous_48)
FN:1330,(anonymous_49)
FN:1331,(anonymous_50)
FN:1344,(anonymous_51)
FN:1349,(anonymous_52)
FN:1350,(anonymous_53)
FN:1359,(anonymous_54)
FN:1364,(anonymous_55)
FN:1365,(anonymous_56)
FN:1373,(anonymous_57)
FN:1379,(anonymous_58)
FNF:56
FNH:4
FNDA:0,(anonymous_2)
FNDA:1,(anonymous_3)
FNDA:1,(anonymous_4)
FNDA:0,(anonymous_5)
FNDA:0,(anonymous_6)
FNDA:0,(anonymous_7)
FNDA:0,(anonymous_9)
FNDA:0,(anonymous_10)
FNDA:1,(anonymous_11)
FNDA:0,(anonymous_12)
FNDA:0,(anonymous_13)
FNDA:0,(anonymous_14)
FNDA:0,(anonymous_15)
FNDA:0,(anonymous_16)
FNDA:0,(anonymous_17)
FNDA:0,(anonymous_18)
FNDA:0,(anonymous_19)
FNDA:0,(anonymous_20)
FNDA:0,(anonymous_21)
FNDA:0,(anonymous_22)
FNDA:0,(anonymous_23)
FNDA:0,(anonymous_24)
FNDA:0,(anonymous_25)
FNDA:0,(anonymous_26)
FNDA:0,(anonymous_27)
FNDA:0,(anonymous_28)
FNDA:0,(anonymous_29)
FNDA:0,(anonymous_30)
FNDA:0,(anonymous_31)
FNDA:0,(anonymous_32)
FNDA:0,(anonymous_33)
FNDA:0,(anonymous_34)
FNDA:0,(anonymous_35)
FNDA:0,(anonymous_36)
FNDA:0,(anonymous_37)
FNDA:0,(anonymous_38)
FNDA:0,(anonymous_39)
FNDA:0,(anonymous_40)
FNDA:0,(anonymous_41)
FNDA:0,(anonymous_42)
FNDA:0,(anonymous_43)
FNDA:0,(anonymous_44)
FNDA:0,(anonymous_45)
FNDA:0,(anonymous_46)
FNDA:0,(anonymous_47)
FNDA:0,(anonymous_48)
FNDA:0,(anonymous_49)
FNDA:0,(anonymous_50)
FNDA:0,(anonymous_51)
FNDA:0,(anonymous_52)
FNDA:0,(anonymous_53)
FNDA:0,(anonymous_54)
FNDA:0,(anonymous_55)
FNDA:0,(anonymous_56)
FNDA:0,(anonymous_57)
FNDA:1,(anonymous_58)
DA:866,1
DA:867,1
DA:868,1
DA:869,1
DA:870,1
DA:871,1
DA:872,1
DA:876,0
DA:881,1
DA:894,1
DA:895,0
DA:898,0
DA:899,0
DA:901,0
DA:905,0
DA:918,0
DA:919,0
DA:920,0
DA:922,0
DA:927,0
DA:928,0
DA:935,0
DA:936,0
DA:939,1
DA:941,0
DA:943,0
DA:945,0
DA:947,0
DA:951,0
DA:953,0
DA:955,0
DA:957,0
DA:959,0
DA:964,0
DA:966,0
DA:968,0
DA:970,0
DA:972,0
DA:977,0
DA:978,0
DA:979,0
DA:984,0
DA:986,0
DA:987,0
DA:988,0
DA:989,0
DA:991,0
DA:1024,0
DA:1025,0
DA:1028,0
DA:1029,0
DA:1033,0
DA:1034,0
DA:1037,0
DA:1038,0
DA:1039,0
DA:1042,0
DA:1046,0
DA:1047,0
DA:1048,0
DA:1049,0
DA:1050,0
DA:1051,0
DA:1053,0
DA:1059,0
DA:1060,0
DA:1061,0
DA:1062,0
DA:1063,0
DA:1064,0
DA:1065,0
DA:1066,0
DA:1068,0
DA:1071,0
DA:1072,0
DA:1074,0
DA:1075,0
DA:1080,0
DA:1083,0
DA:1084,0
DA:1087,0
DA:1089,0
DA:1091,0
DA:1100,0
DA:1101,0
DA:1102,0
DA:1106,0
DA:1110,0
DA:1112,0
DA:1118,0
DA:1119,0
DA:1122,0
DA:1123,0
DA:1128,0
DA:1134,0
DA:1135,0
DA:1138,0
DA:1139,0
DA:1146,0
DA:1147,0
DA:1148,0
DA:1153,0
DA:1154,0
DA:1155,0
DA:1157,0
DA:1159,0
DA:1160,0
DA:1162,0
DA:1163,0
DA:1164,0
DA:1166,0
DA:1175,0
DA:1176,0
DA:1177,0
DA:1181,0
DA:1182,0
DA:1186,0
DA:1188,0
DA:1189,0
DA:1190,0
DA:1193,0
DA:1194,0
DA:1196,0
DA:1197,0
DA:1206,0
DA:1207,0
DA:1208,0
DA:1212,0
DA:1213,0
DA:1221,0
DA:1222,0
DA:1223,0
DA:1226,0
DA:1227,0
DA:1228,0
DA:1229,0
DA:1230,0
DA:1231,0
DA:1235,0
DA:1236,0
DA:1241,0
DA:1242,0
DA:1243,0
DA:1245,0
DA:1246,0
DA:1247,0
DA:1250,0
DA:1253,0
DA:1254,0
DA:1261,0
DA:1266,0
DA:1267,0
DA:1269,0
DA:1270,0
DA:1272,0
DA:1277,0
DA:1284,0
DA:1287,0
DA:1293,0
DA:1300,0
DA:1303,0
DA:1308,0
DA:1309,0
DA:1311,0
DA:1312,0
DA:1316,0
DA:1317,0
DA:1319,0
DA:1320,0
DA:1324,0
DA:1325,0
DA:1327,0
DA:1328,0
DA:1331,0
DA:1334,0
DA:1335,0
DA:1336,0
DA:1337,0
DA:1338,0
DA:1339,0
DA:1340,0
DA:1341,0
DA:1342,0
DA:1343,0
DA:1346,0
DA:1350,0
DA:1354,0
DA:1355,0
DA:1356,0
DA:1357,0
DA:1358,0
DA:1361,0
DA:1365,0
DA:1368,0
DA:1369,0
DA:1370,0
DA:1371,0
DA:1372,0
DA:1375,0
DA:1380,1
LF:200
LH:11
BRDA:898,0,0,0
BRDA:898,0,1,0
BRDA:918,1,0,0
BRDA:918,1,1,0
BRDA:940,2,0,0
BRDA:940,2,1,0
BRDA:940,2,2,0
BRDA:940,2,3,0
BRDA:952,3,0,0
BRDA:952,3,1,0
BRDA:952,3,2,0
BRDA:952,3,3,0
BRDA:965,4,0,0
BRDA:965,4,1,0
BRDA:965,4,2,0
BRDA:965,4,3,0
BRDA:986,5,0,0
BRDA:986,5,1,0
BRDA:1110,6,0,0
BRDA:1110,6,1,0
BRDA:1122,7,0,0
BRDA:1122,7,1,0
BRDA:1138,8,0,0
BRDA:1138,8,1,0
BRDA:1157,9,0,0
BRDA:1157,9,1,0
BRDA:1176,10,0,0
BRDA:1176,10,1,0
BRDA:1181,11,0,0
BRDA:1181,11,1,0
BRDA:1207,12,0,0
BRDA:1207,12,1,0
BRDA:1212,13,0,0
BRDA:1212,13,1,0
BRDA:1253,14,0,0
BRDA:1253,14,1,0
BRF:36
BRH:0
end_of_record
TN:
SF:pages/createprofile.vue
FN:143,(anonymous_2)
FN:151,(anonymous_3)
FN:155,(anonymous_4)
FN:167,(anonymous_5)
FN:172,(anonymous_6)
FN:174,(anonymous_7)
FN:175,(anonymous_8)
FN:176,(anonymous_9)
FN:177,(anonymous_10)
FNF:9
FNH:0
FNDA:0,(anonymous_2)
FNDA:0,(anonymous_3)
FNDA:0,(anonymous_4)
FNDA:0,(anonymous_5)
FNDA:0,(anonymous_6)
FNDA:0,(anonymous_7)
FNDA:0,(anonymous_8)
FNDA:0,(anonymous_9)
FNDA:0,(anonymous_10)
DA:136,0
DA:137,0
DA:144,0
DA:146,0
DA:147,0
DA:148,0
DA:149,0
DA:151,0
DA:154,0
DA:157,0
DA:158,0
DA:163,0
DA:168,0
DA:172,0
DA:174,0
DA:175,0
DA:176,0
DA:177,0
LF:18
LH:0
BRDA:147,0,0,0
BRDA:147,0,1,0
BRDA:157,1,0,0
BRDA:157,1,1,0
BRDA:172,2,0,0
BRDA:172,2,1,0
BRDA:174,3,0,0
BRDA:174,3,1,0
BRDA:175,4,0,0
BRDA:175,4,1,0
BRDA:176,5,0,0
BRDA:176,5,1,0
BRDA:177,6,0,0
BRDA:177,6,1,0
BRF:14
BRH:0
end_of_record
TN:
SF:pages/editprofile.vue
FN:252,(anonymous_2)
FN:265,(anonymous_3)
FNF:2
FNH:0
FNDA:0,(anonymous_2)
FNDA:0,(anonymous_3)
DA:245,0
DA:246,0
DA:247,0
DA:253,0
DA:255,0
DA:257,0
DA:259,0
DA:261,0
DA:266,0
LF:9
LH:0
BRDA:254,0,0,0
BRDA:254,0,1,0
BRDA:254,0,2,0
BRDA:254,0,3,0
BRF:4
BRH:0
end_of_record
TN:
SF:pages/editprofiletest.vue
FN:9,(anonymous_2)
FN:23,(anonymous_3)
FN:44,(anonymous_4)
FN:49,(anonymous_5)
FN:57,(anonymous_6)
FN:66,(anonymous_7)
FN:72,(anonymous_8)
FN:108,(anonymous_9)
FN:124,(anonymous_10)
FN:129,(anonymous_11)
FN:135,(anonymous_12)
FN:141,(anonymous_13)
FN:147,(anonymous_14)
FN:153,(anonymous_15)
FN:158,(anonymous_16)
FN:180,(anonymous_17)
FN:205,(anonymous_18)
FN:218,(anonymous_19)
FN:222,(anonymous_20)
FN:230,(anonymous_21)
FN:235,(anonymous_22)
FN:240,(anonymous_23)
FN:245,(anonymous_24)
FN:257,(anonymous_25)
FN:262,(anonymous_26)
FN:270,(anonymous_27)
FN:286,(anonymous_28)
FN:291,(anonymous_29)
FN:299,(anonymous_30)
FN:315,(anonymous_31)
FN:320,(anonymous_32)
FN:329,(anonymous_33)
FN:340,(anonymous_34)
FN:344,(anonymous_35)
FNF:34
FNH:0
FNDA:0,(anonymous_2)
FNDA:0,(anonymous_3)
FNDA:0,(anonymous_4)
FNDA:0,(anonymous_5)
FNDA:0,(anonymous_6)
FNDA:0,(anonymous_7)
FNDA:0,(anonymous_8)
FNDA:0,(anonymous_9)
FNDA:0,(anonymous_10)
FNDA:0,(anonymous_11)
FNDA:0,(anonymous_12)
FNDA:0,(anonymous_13)
FNDA:0,(anonymous_14)
FNDA:0,(anonymous_15)
FNDA:0,(anonymous_16)
FNDA:0,(anonymous_17)
FNDA:0,(anonymous_18)
FNDA:0,(anonymous_19)
FNDA:0,(anonymous_20)
FNDA:0,(anonymous_21)
FNDA:0,(anonymous_22)
FNDA:0,(anonymous_23)
FNDA:0,(anonymous_24)
FNDA:0,(anonymous_25)
FNDA:0,(anonymous_26)
FNDA:0,(anonymous_27)
FNDA:0,(anonymous_28)
FNDA:0,(anonymous_29)
FNDA:0,(anonymous_30)
FNDA:0,(anonymous_31)
FNDA:0,(anonymous_32)
FNDA:0,(anonymous_33)
FNDA:0,(anonymous_34)
FNDA:0,(anonymous_35)
DA:3,0
DA:4,0
DA:5,0
DA:6,0
DA:7,0
DA:10,0
DA:28,0
DA:45,0
DA:46,0
DA:50,0
DA:54,0
DA:58,0
DA:63,0
DA:67,0
DA:68,0
DA:73,0
DA:74,0
DA:75,0
DA:99,0
DA:101,0
DA:102,0
DA:103,0
DA:104,0
DA:109,0
DA:125,0
DA:126,0
DA:127,0
DA:130,0
DA:131,0
DA:132,0
DA:133,0
DA:136,0
DA:137,0
DA:138,0
DA:139,0
DA:142,0
DA:143,0
DA:144,0
DA:145,0
DA:148,0
DA:149,0
DA:150,0
DA:151,0
DA:154,0
DA:155,0
DA:156,0
DA:159,0
DA:160,0
DA:161,0
DA:181,0
DA:182,0
DA:187,0
DA:188,0
DA:189,0
DA:192,0
DA:193,0
DA:198,0
DA:202,0
DA:206,0
DA:207,0
DA:208,0
DA:209,0
DA:210,0
DA:211,0
DA:212,0
DA:213,0
DA:218,0
DA:221,0
DA:224,0
DA:231,0
DA:232,0
DA:233,0
DA:236,0
DA:237,0
DA:238,0
DA:241,0
DA:242,0
DA:243,0
DA:246,0
DA:247,0
DA:248,0
DA:249,0
DA:250,0
DA:251,0
DA:252,0
DA:257,0
DA:260,0
DA:261,0
DA:264,0
DA:271,0
DA:272,0
DA:273,0
DA:274,0
DA:275,0
DA:276,0
DA:277,0
DA:278,0
DA:279,0
DA:280,0
DA:281,0
DA:286,0
DA:289,0
DA:290,0
DA:293,0
DA:300,0
DA:301,0
DA:302,0
DA:303,0
DA:304,0
DA:305,0
DA:306,0
DA:307,0
DA:308,0
DA:309,0
DA:310,0
DA:315,0
DA:318,0
DA:319,0
DA:322,0
DA:330,0
DA:331,0
DA:332,0
DA:333,0
DA:334,0
DA:335,0
DA:340,0
DA:343,0
DA:346,0
LF:128
LH:0
BRDA:45,0,0,0
BRDA:45,0,1,0
BRDA:50,1,0,0
BRDA:50,1,1,0
BRDA:50,2,0,0
BRDA:50,2,1,0
BRDA:58,3,0,0
BRDA:58,3,1,0
BRDA:58,4,0,0
BRDA:58,4,1,0
BRDA:58,4,2,0
BRDA:67,5,0,0
BRDA:67,5,1,0
BRDA:101,6,0,0
BRDA:101,6,1,0
BRDA:206,7,0,0
BRDA:206,7,1,0
BRDA:247,8,0,0
BRDA:247,8,1,0
BRDA:272,9,0,0
BRDA:272,9,1,0
BRDA:272,10,0,0
BRDA:272,10,1,0
BRDA:301,11,0,0
BRDA:301,11,1,0
BRDA:301,12,0,0
BRDA:301,12,1,0
BRDA:330,13,0,0
BRDA:330,13,1,0
BRF:29
BRH:0
end_of_record
TN:
SF:pages/login.vue
FN:111,(anonymous_1)
FN:119,(anonymous_2)
FN:125,(anonymous_3)
FN:130,(anonymous_4)
FN:136,(anonymous_5)
FN:147,(anonymous_6)
FNF:6
FNH:0
FNDA:0,(anonymous_1)
FNDA:0,(anonymous_2)
FNDA:0,(anonymous_3)
FNDA:0,(anonymous_4)
FNDA:0,(anonymous_5)
FNDA:0,(anonymous_6)
DA:111,0
DA:119,0
DA:126,0
DA:127,0
DA:131,0
DA:132,0
DA:137,0
DA:138,0
DA:139,0
DA:142,0
DA:144,0
DA:148,0
LF:12
LH:0
BRDA:119,0,0,0
BRDA:119,0,1,0
BRDA:119,0,2,0
BRDA:127,1,0,0
BRDA:127,1,1,0
BRDA:131,2,0,0
BRDA:131,2,1,0
BRF:7
BRH:0
end_of_record
TN:
SF:pages/myapps.vue
FN:174,(anonymous_2)
FN:179,(anonymous_3)
FN:183,(anonymous_4)
FN:189,(anonymous_5)
FN:190,(anonymous_6)
FN:192,(anonymous_7)
FN:194,(anonymous_8)
FN:202,(anonymous_9)
FN:207,(anonymous_10)
FN:209,(anonymous_11)
FN:217,(anonymous_12)
FN:222,(anonymous_13)
FN:224,(anonymous_14)
FN:232,(anonymous_15)
FN:237,(anonymous_16)
FN:239,(anonymous_17)
FN:247,(anonymous_18)
FN:252,(anonymous_19)
FN:254,(anonymous_20)
FN:261,(anonymous_21)
FN:268,(anonymous_22)
FN:278,(anonymous_23)
FN:290,(anonymous_24)
FN:304,(anonymous_25)
FN:332,(anonymous_26)
FNF:25
FNH:3
FNDA:0,(anonymous_2)
FNDA:1,(anonymous_3)
FNDA:0,(anonymous_4)
FNDA:1,(anonymous_5)
FNDA:0,(anonymous_6)
FNDA:0,(anonymous_7)
FNDA:0,(anonymous_8)
FNDA:0,(anonymous_9)
FNDA:0,(anonymous_10)
FNDA:0,(anonymous_11)
FNDA:0,(anonymous_12)
FNDA:0,(anonymous_13)
FNDA:0,(anonymous_14)
FNDA:0,(anonymous_15)
FNDA:0,(anonymous_16)
FNDA:0,(anonymous_17)
FNDA:0,(anonymous_18)
FNDA:0,(anonymous_19)
FNDA:0,(anonymous_20)
FNDA:0,(anonymous_21)
FNDA:0,(anonymous_22)
FNDA:0,(anonymous_23)
FNDA:0,(anonymous_24)
FNDA:0,(anonymous_25)
FNDA:1,(anonymous_26)
DA:166,2
DA:167,2
DA:168,2
DA:169,2
DA:170,2
DA:171,2
DA:175,0
DA:180,1
DA:184,0
DA:185,0
DA:186,0
DA:190,1
DA:193,0
DA:200,0
DA:201,0
DA:204,0
DA:208,0
DA:215,0
DA:216,0
DA:219,0
DA:223,0
DA:230,0
DA:231,0
DA:234,0
DA:238,0
DA:245,0
DA:246,0
DA:249,0
DA:253,0
DA:254,0
DA:257,0
DA:260,0
DA:261,0
DA:264,0
DA:267,0
DA:268,0
DA:271,0
DA:279,0
DA:281,0
DA:283,0
DA:285,0
DA:287,0
DA:291,0
DA:293,0
DA:305,0
DA:306,0
DA:307,0
DA:319,0
DA:320,0
DA:321,0
DA:324,0
DA:325,0
DA:326,0
DA:327,0
DA:328,0
DA:333,1
LF:56
LH:9
BRDA:184,0,0,0
BRDA:184,0,1,0
BRDA:253,1,0,0
BRDA:253,1,1,0
BRDA:260,2,0,0
BRDA:260,2,1,0
BRDA:267,3,0,0
BRDA:267,3,1,0
BRDA:280,4,0,0
BRDA:280,4,1,0
BRDA:280,4,2,0
BRDA:280,4,3,0
BRDA:292,5,0,0
BRDA:320,6,0,0
BRDA:320,6,1,0
BRDA:324,7,0,0
BRDA:324,7,1,0
BRF:17
BRH:0
end_of_record
